2023-11-27 21:52:08.488  INFO 24208 --- [main] com.sky.test.HttpClientTest              : Starting HttpClientTest using Java 20.0.1 on LAPTOP-GT0GK7LB with PID 24208 (started by ma in D:\JavaWebNote\skyProject\skyOut\sky-take-out\sky-server)
2023-11-27 21:52:08.489  INFO 24208 --- [main] com.sky.test.HttpClientTest              : The following 1 profile is active: "dev"
2023-11-27 21:52:09.398  INFO 24208 --- [main] .s.d.r.c.RepositoryConfigurationDelegate : Multiple Spring Data modules found, entering strict repository configuration mode
2023-11-27 21:52:09.400  INFO 24208 --- [main] .s.d.r.c.RepositoryConfigurationDelegate : Bootstrapping Spring Data Redis repositories in DEFAULT mode.
2023-11-27 21:52:09.423  INFO 24208 --- [main] .s.d.r.c.RepositoryConfigurationDelegate : Finished Spring Data repository scanning in 13 ms. Found 0 Redis repository interfaces.
2023-11-27 21:52:10.227  INFO 24208 --- [main] c.a.d.s.b.a.DruidDataSourceAutoConfigure : Init DruidDataSource
2023-11-27 21:52:10.478  INFO 24208 --- [main] com.alibaba.druid.pool.DruidDataSource   : {dataSource-1} inited
2023-11-27 21:52:10.869  INFO 24208 --- [main] com.sky.config.OssConfiguration          : 开始创建阿里云文件上传工具类对象，AliOssProperties(endpoint=oss-cn-beijing.aliyuncs.com, accessKeyId=LTAI5tJwTE1itg2srDShqwLa, accessKeySecret=jvmNfZVXECqwd4mEHNRIQzOXRJRPXy, bucketName=mtc-take-out)
2023-11-27 21:52:11.868  INFO 24208 --- [main] com.sky.config.WebMvcConfiguration       : 开始注册自定义拦截器...
2023-11-27 21:52:12.112  INFO 24208 --- [main] com.sky.config.WebMvcConfiguration       : 准备生成接口文档
2023-11-27 21:52:12.246  INFO 24208 --- [main] com.sky.config.WebMvcConfiguration       : 开启扩展消息转化器...
2023-11-27 21:52:12.264  INFO 24208 --- [main] com.sky.config.WebMvcConfiguration       : 开始静态资源映射
2023-11-27 21:52:13.664  INFO 24208 --- [main] com.sky.test.HttpClientTest              : Started HttpClientTest in 5.491 seconds (JVM running for 6.529)
2023-11-27 21:52:14.744  WARN 24208 --- [main] o.a.h.c.protocol.ResponseProcessCookies  : Invalid cookie header: "Set-Cookie: uuid_tt_dd=10_30842404470-1701093138652-189293; Expires=Thu, 01 Jan 2025 00:00:00 GMT; Path=/; Domain=.csdn.net;". Invalid 'expires' attribute: Thu, 01 Jan 2025 00:00:00 GMT
2023-11-27 21:52:14.745  WARN 24208 --- [main] o.a.h.c.protocol.ResponseProcessCookies  : Invalid cookie header: "Set-Cookie: dc_session_id=10_1701093138652.202972; Expires=Thu, 01 Jan 2025 00:00:00 GMT; Path=/; Domain=.csdn.net;". Invalid 'expires' attribute: Thu, 01 Jan 2025 00:00:00 GMT
2023-11-27 21:52:14.814  INFO 24208 --- [SpringApplicationShutdownHook] com.alibaba.druid.pool.DruidDataSource   : {dataSource-1} closing ...
2023-11-27 21:52:14.815  INFO 24208 --- [SpringApplicationShutdownHook] com.alibaba.druid.pool.DruidDataSource   : {dataSource-1} closed
2023-11-27 22:09:18.623  INFO 32540 --- [main] com.sky.test.HttpClientTest              : Starting HttpClientTest using Java 20.0.1 on LAPTOP-GT0GK7LB with PID 32540 (started by ma in D:\JavaWebNote\skyProject\skyOut\sky-take-out\sky-server)
2023-11-27 22:09:18.625  INFO 32540 --- [main] com.sky.test.HttpClientTest              : The following 1 profile is active: "dev"
2023-11-27 22:09:19.462  INFO 32540 --- [main] .s.d.r.c.RepositoryConfigurationDelegate : Multiple Spring Data modules found, entering strict repository configuration mode
2023-11-27 22:09:19.464  INFO 32540 --- [main] .s.d.r.c.RepositoryConfigurationDelegate : Bootstrapping Spring Data Redis repositories in DEFAULT mode.
2023-11-27 22:09:19.488  INFO 32540 --- [main] .s.d.r.c.RepositoryConfigurationDelegate : Finished Spring Data repository scanning in 14 ms. Found 0 Redis repository interfaces.
2023-11-27 22:09:20.229  INFO 32540 --- [main] c.a.d.s.b.a.DruidDataSourceAutoConfigure : Init DruidDataSource
2023-11-27 22:09:20.483  INFO 32540 --- [main] com.alibaba.druid.pool.DruidDataSource   : {dataSource-1} inited
2023-11-27 22:09:20.918  INFO 32540 --- [main] com.sky.config.OssConfiguration          : 开始创建阿里云文件上传工具类对象，AliOssProperties(endpoint=oss-cn-beijing.aliyuncs.com, accessKeyId=LTAI5tJwTE1itg2srDShqwLa, accessKeySecret=jvmNfZVXECqwd4mEHNRIQzOXRJRPXy, bucketName=mtc-take-out)
2023-11-27 22:09:21.977  INFO 32540 --- [main] com.sky.config.WebMvcConfiguration       : 开始注册自定义拦截器...
2023-11-27 22:09:22.204  INFO 32540 --- [main] com.sky.config.WebMvcConfiguration       : 准备生成接口文档
2023-11-27 22:09:22.329  INFO 32540 --- [main] com.sky.config.WebMvcConfiguration       : 开启扩展消息转化器...
2023-11-27 22:09:22.344  INFO 32540 --- [main] com.sky.config.WebMvcConfiguration       : 开始静态资源映射
2023-11-27 22:09:23.696  INFO 32540 --- [main] com.sky.test.HttpClientTest              : Started HttpClientTest in 5.387 seconds (JVM running for 6.336)
2023-11-27 22:09:24.460  INFO 32540 --- [SpringApplicationShutdownHook] com.alibaba.druid.pool.DruidDataSource   : {dataSource-1} closing ...
2023-11-27 22:09:24.461  INFO 32540 --- [SpringApplicationShutdownHook] com.alibaba.druid.pool.DruidDataSource   : {dataSource-1} closed
