2023-11-16 18:04:02.413  INFO 29800 --- [main] com.sky.SkyApplication                   : Starting SkyApplication using Java 20.0.1 on LAPTOP-GT0GK7LB with PID 29800 (D:\JavaWebNote\skyProject\skyOut\sky-take-out\sky-server\target\classes started by ma in D:\JavaWebNote\skyProject\skyOut\sky-take-out)
2023-11-16 18:04:02.416  INFO 29800 --- [main] com.sky.SkyApplication                   : The following 1 profile is active: "dev"
2023-11-16 18:04:03.074  INFO 29800 --- [main] .s.d.r.c.RepositoryConfigurationDelegate : Multiple Spring Data modules found, entering strict repository configuration mode
2023-11-16 18:04:03.076  INFO 29800 --- [main] .s.d.r.c.RepositoryConfigurationDelegate : Bootstrapping Spring Data Redis repositories in DEFAULT mode.
2023-11-16 18:04:03.110  INFO 29800 --- [main] .s.d.r.c.RepositoryConfigurationDelegate : Finished Spring Data repository scanning in 12 ms. Found 0 Redis repository interfaces.
2023-11-16 18:04:03.632  INFO 29800 --- [main] o.s.b.w.embedded.tomcat.TomcatWebServer  : Tomcat initialized with port(s): 8080 (http)
2023-11-16 18:04:03.633  INFO 29800 --- [main] o.a.catalina.core.AprLifecycleListener   : Loaded Apache Tomcat Native library [2.0.5] using APR version [1.7.4].
2023-11-16 18:04:03.633  INFO 29800 --- [main] o.a.catalina.core.AprLifecycleListener   : APR capabilities: IPv6 [true], sendfile [true], accept filters [false], random [true], UDS [true].
2023-11-16 18:04:03.633  INFO 29800 --- [main] o.a.catalina.core.AprLifecycleListener   : APR/OpenSSL configuration: useAprConnector [false], useOpenSSL [true]
2023-11-16 18:04:03.638  INFO 29800 --- [main] o.a.catalina.core.AprLifecycleListener   : OpenSSL successfully initialized [OpenSSL 3.0.10 1 Aug 2023]
2023-11-16 18:04:03.646  INFO 29800 --- [main] o.apache.catalina.core.StandardService   : Starting service [Tomcat]
2023-11-16 18:04:03.646  INFO 29800 --- [main] org.apache.catalina.core.StandardEngine  : Starting Servlet engine: [Apache Tomcat/9.0.65]
2023-11-16 18:04:03.752  INFO 29800 --- [main] o.a.c.c.C.[Tomcat].[localhost].[/]       : Initializing Spring embedded WebApplicationContext
2023-11-16 18:04:03.752  INFO 29800 --- [main] w.s.c.ServletWebServerApplicationContext : Root WebApplicationContext: initialization completed in 1292 ms
2023-11-16 18:04:03.857  INFO 29800 --- [main] c.a.d.s.b.a.DruidDataSourceAutoConfigure : Init DruidDataSource
2023-11-16 18:04:03.957  INFO 29800 --- [main] com.alibaba.druid.pool.DruidDataSource   : {dataSource-1} inited
2023-11-16 18:04:04.221  INFO 29800 --- [main] com.sky.config.WebMvcConfiguration       : 开始注册自定义拦截器...
2023-11-16 18:04:04.276  INFO 29800 --- [main] com.sky.config.WebMvcConfiguration       : 准备生成接口文档
2023-11-16 18:04:04.306  INFO 29800 --- [main] com.sky.config.WebMvcConfiguration       : 开始静态资源映射
2023-11-16 18:04:04.821  INFO 29800 --- [main] o.s.b.w.embedded.tomcat.TomcatWebServer  : Tomcat started on port(s): 8080 (http) with context path ''
2023-11-16 18:04:04.968  INFO 29800 --- [main] com.sky.SkyApplication                   : Started SkyApplication in 2.934 seconds (JVM running for 3.516)
2023-11-16 18:04:04.970  INFO 29800 --- [main] com.sky.SkyApplication                   : server started
2023-11-16 18:05:14.013  INFO 29800 --- [http-nio-8080-exec-1] o.a.c.c.C.[Tomcat].[localhost].[/]       : Initializing Spring DispatcherServlet 'dispatcherServlet'
2023-11-16 18:05:14.013  INFO 29800 --- [http-nio-8080-exec-1] o.s.web.servlet.DispatcherServlet        : Initializing Servlet 'dispatcherServlet'
2023-11-16 18:05:14.016  INFO 29800 --- [http-nio-8080-exec-1] o.s.web.servlet.DispatcherServlet        : Completed initialization in 2 ms
2023-11-16 18:05:14.571  WARN 29800 --- [http-nio-8080-exec-5] o.s.web.servlet.PageNotFound             : No mapping for GET /favicon.ico
2023-11-16 18:06:55.193  INFO 29800 --- [http-nio-8080-exec-5] c.s.controller.admin.EmployeeController  : 员工登录：EmployeeLoginDTO(username=admin, password=123456)
2023-11-16 18:06:55.392 DEBUG 29800 --- [http-nio-8080-exec-5] c.s.mapper.EmployeeMapper.getByUsername  : ==>  Preparing: select * from employee where username = ?
2023-11-16 18:06:55.421 DEBUG 29800 --- [http-nio-8080-exec-5] c.s.mapper.EmployeeMapper.getByUsername  : ==> Parameters: admin(String)
2023-11-16 18:06:55.464 DEBUG 29800 --- [http-nio-8080-exec-5] c.s.mapper.EmployeeMapper.getByUsername  : <==      Total: 1
2023-11-16 18:11:15.157  INFO 29800 --- [SpringApplicationShutdownHook] com.alibaba.druid.pool.DruidDataSource   : {dataSource-1} closing ...
2023-11-16 18:11:15.165  INFO 29800 --- [SpringApplicationShutdownHook] com.alibaba.druid.pool.DruidDataSource   : {dataSource-1} closed
2023-11-16 18:11:20.294  INFO 34708 --- [main] com.sky.SkyApplication                   : Starting SkyApplication using Java 20.0.1 on LAPTOP-GT0GK7LB with PID 34708 (D:\JavaWebNote\skyProject\skyOut\sky-take-out\sky-server\target\classes started by ma in D:\JavaWebNote\skyProject\skyOut\sky-take-out)
2023-11-16 18:11:20.297  INFO 34708 --- [main] com.sky.SkyApplication                   : The following 1 profile is active: "dev"
2023-11-16 18:11:20.961  INFO 34708 --- [main] .s.d.r.c.RepositoryConfigurationDelegate : Multiple Spring Data modules found, entering strict repository configuration mode
2023-11-16 18:11:20.962  INFO 34708 --- [main] .s.d.r.c.RepositoryConfigurationDelegate : Bootstrapping Spring Data Redis repositories in DEFAULT mode.
2023-11-16 18:11:20.987  INFO 34708 --- [main] .s.d.r.c.RepositoryConfigurationDelegate : Finished Spring Data repository scanning in 11 ms. Found 0 Redis repository interfaces.
2023-11-16 18:11:21.491  INFO 34708 --- [main] o.s.b.w.embedded.tomcat.TomcatWebServer  : Tomcat initialized with port(s): 8080 (http)
2023-11-16 18:11:21.492  INFO 34708 --- [main] o.a.catalina.core.AprLifecycleListener   : Loaded Apache Tomcat Native library [2.0.5] using APR version [1.7.4].
2023-11-16 18:11:21.492  INFO 34708 --- [main] o.a.catalina.core.AprLifecycleListener   : APR capabilities: IPv6 [true], sendfile [true], accept filters [false], random [true], UDS [true].
2023-11-16 18:11:21.492  INFO 34708 --- [main] o.a.catalina.core.AprLifecycleListener   : APR/OpenSSL configuration: useAprConnector [false], useOpenSSL [true]
2023-11-16 18:11:21.505  INFO 34708 --- [main] o.a.catalina.core.AprLifecycleListener   : OpenSSL successfully initialized [OpenSSL 3.0.10 1 Aug 2023]
2023-11-16 18:11:21.513  INFO 34708 --- [main] o.apache.catalina.core.StandardService   : Starting service [Tomcat]
2023-11-16 18:11:21.514  INFO 34708 --- [main] org.apache.catalina.core.StandardEngine  : Starting Servlet engine: [Apache Tomcat/9.0.65]
2023-11-16 18:11:21.619  INFO 34708 --- [main] o.a.c.c.C.[Tomcat].[localhost].[/]       : Initializing Spring embedded WebApplicationContext
2023-11-16 18:11:21.619  INFO 34708 --- [main] w.s.c.ServletWebServerApplicationContext : Root WebApplicationContext: initialization completed in 1277 ms
2023-11-16 18:11:21.725  INFO 34708 --- [main] c.a.d.s.b.a.DruidDataSourceAutoConfigure : Init DruidDataSource
2023-11-16 18:11:21.821  INFO 34708 --- [main] com.alibaba.druid.pool.DruidDataSource   : {dataSource-1} inited
2023-11-16 18:11:22.087  INFO 34708 --- [main] com.sky.config.WebMvcConfiguration       : 开始注册自定义拦截器...
2023-11-16 18:11:22.146  INFO 34708 --- [main] com.sky.config.WebMvcConfiguration       : 准备生成接口文档
2023-11-16 18:11:22.174  INFO 34708 --- [main] com.sky.config.WebMvcConfiguration       : 开始静态资源映射
2023-11-16 18:11:22.671  INFO 34708 --- [main] o.s.b.w.embedded.tomcat.TomcatWebServer  : Tomcat started on port(s): 8080 (http) with context path ''
2023-11-16 18:11:22.845  INFO 34708 --- [main] com.sky.SkyApplication                   : Started SkyApplication in 2.961 seconds (JVM running for 3.595)
2023-11-16 18:11:22.847  INFO 34708 --- [main] com.sky.SkyApplication                   : server started
2023-11-16 18:11:24.034  INFO 34708 --- [http-nio-8080-exec-2] o.a.c.c.C.[Tomcat].[localhost].[/]       : Initializing Spring DispatcherServlet 'dispatcherServlet'
2023-11-16 18:11:24.034  INFO 34708 --- [http-nio-8080-exec-2] o.s.web.servlet.DispatcherServlet        : Initializing Servlet 'dispatcherServlet'
2023-11-16 18:11:24.036  INFO 34708 --- [http-nio-8080-exec-2] o.s.web.servlet.DispatcherServlet        : Completed initialization in 2 ms
2023-11-16 18:12:42.970  INFO 34708 --- [SpringApplicationShutdownHook] com.alibaba.druid.pool.DruidDataSource   : {dataSource-1} closing ...
2023-11-16 18:12:42.971  INFO 34708 --- [SpringApplicationShutdownHook] com.alibaba.druid.pool.DruidDataSource   : {dataSource-1} closed
2023-11-16 18:12:47.369  INFO 5596 --- [main] com.sky.SkyApplication                   : Starting SkyApplication using Java 20.0.1 on LAPTOP-GT0GK7LB with PID 5596 (D:\JavaWebNote\skyProject\skyOut\sky-take-out\sky-server\target\classes started by ma in D:\JavaWebNote\skyProject\skyOut\sky-take-out)
2023-11-16 18:12:47.373  INFO 5596 --- [main] com.sky.SkyApplication                   : The following 1 profile is active: "dev"
2023-11-16 18:12:48.154  INFO 5596 --- [main] .s.d.r.c.RepositoryConfigurationDelegate : Multiple Spring Data modules found, entering strict repository configuration mode
2023-11-16 18:12:48.157  INFO 5596 --- [main] .s.d.r.c.RepositoryConfigurationDelegate : Bootstrapping Spring Data Redis repositories in DEFAULT mode.
2023-11-16 18:12:48.185  INFO 5596 --- [main] .s.d.r.c.RepositoryConfigurationDelegate : Finished Spring Data repository scanning in 14 ms. Found 0 Redis repository interfaces.
2023-11-16 18:12:48.855  INFO 5596 --- [main] o.s.b.w.embedded.tomcat.TomcatWebServer  : Tomcat initialized with port(s): 8080 (http)
2023-11-16 18:12:48.856  INFO 5596 --- [main] o.a.catalina.core.AprLifecycleListener   : Loaded Apache Tomcat Native library [2.0.5] using APR version [1.7.4].
2023-11-16 18:12:48.856  INFO 5596 --- [main] o.a.catalina.core.AprLifecycleListener   : APR capabilities: IPv6 [true], sendfile [true], accept filters [false], random [true], UDS [true].
2023-11-16 18:12:48.856  INFO 5596 --- [main] o.a.catalina.core.AprLifecycleListener   : APR/OpenSSL configuration: useAprConnector [false], useOpenSSL [true]
2023-11-16 18:12:48.862  INFO 5596 --- [main] o.a.catalina.core.AprLifecycleListener   : OpenSSL successfully initialized [OpenSSL 3.0.10 1 Aug 2023]
2023-11-16 18:12:48.872  INFO 5596 --- [main] o.apache.catalina.core.StandardService   : Starting service [Tomcat]
2023-11-16 18:12:48.872  INFO 5596 --- [main] org.apache.catalina.core.StandardEngine  : Starting Servlet engine: [Apache Tomcat/9.0.65]
2023-11-16 18:12:48.990  INFO 5596 --- [main] o.a.c.c.C.[Tomcat].[localhost].[/]       : Initializing Spring embedded WebApplicationContext
2023-11-16 18:12:48.990  INFO 5596 --- [main] w.s.c.ServletWebServerApplicationContext : Root WebApplicationContext: initialization completed in 1575 ms
2023-11-16 18:12:49.131  INFO 5596 --- [main] c.a.d.s.b.a.DruidDataSourceAutoConfigure : Init DruidDataSource
2023-11-16 18:12:49.249  INFO 5596 --- [main] com.alibaba.druid.pool.DruidDataSource   : {dataSource-1} inited
2023-11-16 18:12:49.568  INFO 5596 --- [main] com.sky.config.WebMvcConfiguration       : 开始注册自定义拦截器...
2023-11-16 18:12:49.639  INFO 5596 --- [main] com.sky.config.WebMvcConfiguration       : 准备生成接口文档
2023-11-16 18:12:49.686  INFO 5596 --- [main] com.sky.config.WebMvcConfiguration       : 开始静态资源映射
2023-11-16 18:12:50.308  INFO 5596 --- [main] o.s.b.w.embedded.tomcat.TomcatWebServer  : Tomcat started on port(s): 8080 (http) with context path ''
2023-11-16 18:12:50.490  INFO 5596 --- [main] com.sky.SkyApplication                   : Started SkyApplication in 3.574 seconds (JVM running for 4.375)
2023-11-16 18:12:50.493  INFO 5596 --- [main] com.sky.SkyApplication                   : server started
2023-11-16 18:12:58.563  INFO 5596 --- [http-nio-8080-exec-1] o.a.c.c.C.[Tomcat].[localhost].[/]       : Initializing Spring DispatcherServlet 'dispatcherServlet'
2023-11-16 18:12:58.563  INFO 5596 --- [http-nio-8080-exec-1] o.s.web.servlet.DispatcherServlet        : Initializing Servlet 'dispatcherServlet'
2023-11-16 18:12:58.565  INFO 5596 --- [http-nio-8080-exec-1] o.s.web.servlet.DispatcherServlet        : Completed initialization in 2 ms
2023-11-16 18:16:42.913  INFO 5596 --- [SpringApplicationShutdownHook] com.alibaba.druid.pool.DruidDataSource   : {dataSource-1} closing ...
2023-11-16 18:16:42.914  INFO 5596 --- [SpringApplicationShutdownHook] com.alibaba.druid.pool.DruidDataSource   : {dataSource-1} closed
