2023-11-30 16:56:16.462  INFO 5440 --- [main] com.sky.SkyApplication                   : Starting SkyApplication using Java 20.0.1 on LAPTOP-GT0GK7LB with PID 5440 (D:\JavaWebNote\skyProject\skyOut\sky-take-out\sky-server\target\classes started by ma in D:\JavaWebNote\skyProject\skyOut\sky-take-out)
2023-11-30 16:56:16.467  INFO 5440 --- [main] com.sky.SkyApplication                   : The following 1 profile is active: "dev"
2023-11-30 16:56:19.755  INFO 5440 --- [main] .s.d.r.c.RepositoryConfigurationDelegate : Multiple Spring Data modules found, entering strict repository configuration mode
2023-11-30 16:56:19.759  INFO 5440 --- [main] .s.d.r.c.RepositoryConfigurationDelegate : Bootstrapping Spring Data Redis repositories in DEFAULT mode.
2023-11-30 16:56:19.806  INFO 5440 --- [main] .s.d.r.c.RepositoryConfigurationDelegate : Finished Spring Data repository scanning in 25 ms. Found 0 Redis repository interfaces.
2023-11-30 16:56:20.978  INFO 5440 --- [main] o.s.b.w.embedded.tomcat.TomcatWebServer  : Tomcat initialized with port(s): 8080 (http)
2023-11-30 16:56:20.980  INFO 5440 --- [main] o.a.catalina.core.AprLifecycleListener   : Loaded Apache Tomcat Native library [2.0.5] using APR version [1.7.4].
2023-11-30 16:56:20.980  INFO 5440 --- [main] o.a.catalina.core.AprLifecycleListener   : APR capabilities: IPv6 [true], sendfile [true], accept filters [false], random [true], UDS [true].
2023-11-30 16:56:20.981  INFO 5440 --- [main] o.a.catalina.core.AprLifecycleListener   : APR/OpenSSL configuration: useAprConnector [false], useOpenSSL [true]
2023-11-30 16:56:21.000  INFO 5440 --- [main] o.a.catalina.core.AprLifecycleListener   : OpenSSL successfully initialized [OpenSSL 3.0.10 1 Aug 2023]
2023-11-30 16:56:21.014  INFO 5440 --- [main] o.apache.catalina.core.StandardService   : Starting service [Tomcat]
2023-11-30 16:56:21.014  INFO 5440 --- [main] org.apache.catalina.core.StandardEngine  : Starting Servlet engine: [Apache Tomcat/9.0.65]
2023-11-30 16:56:21.257  INFO 5440 --- [main] o.a.c.c.C.[Tomcat].[localhost].[/]       : Initializing Spring embedded WebApplicationContext
2023-11-30 16:56:21.258  INFO 5440 --- [main] w.s.c.ServletWebServerApplicationContext : Root WebApplicationContext: initialization completed in 4730 ms
2023-11-30 16:56:21.617  INFO 5440 --- [main] c.a.d.s.b.a.DruidDataSourceAutoConfigure : Init DruidDataSource
2023-11-30 16:56:21.939  INFO 5440 --- [main] com.alibaba.druid.pool.DruidDataSource   : {dataSource-1} inited
2023-11-30 16:56:22.753  INFO 5440 --- [main] com.sky.config.OssConfiguration          : 开始创建阿里云文件上传工具类对象，AliOssProperties(endpoint=oss-cn-beijing.aliyuncs.com, accessKeyId=LTAI5tJwTE1itg2srDShqwLa, accessKeySecret=jvmNfZVXECqwd4mEHNRIQzOXRJRPXy, bucketName=mtc-take-out)
2023-11-30 16:56:24.014  INFO 5440 --- [main] com.sky.config.WebMvcConfiguration       : 开始注册自定义拦截器...
2023-11-30 16:56:24.231  INFO 5440 --- [main] com.sky.config.WebMvcConfiguration       : 准备生成接口文档
2023-11-30 16:56:24.312  INFO 5440 --- [main] com.sky.config.WebMvcConfiguration       : 开启扩展消息转化器...
2023-11-30 16:56:24.328  INFO 5440 --- [main] com.sky.config.WebMvcConfiguration       : 开始静态资源映射
2023-11-30 16:56:25.134  INFO 5440 --- [main] o.s.b.w.embedded.tomcat.TomcatWebServer  : Tomcat started on port(s): 8080 (http) with context path ''
2023-11-30 16:56:25.797  INFO 5440 --- [main] com.sky.SkyApplication                   : Started SkyApplication in 10.004 seconds (JVM running for 11.91)
2023-11-30 16:56:25.802  INFO 5440 --- [main] com.sky.SkyApplication                   : server started
2023-11-30 16:56:32.639  INFO 5440 --- [http-nio-8080-exec-1] o.a.c.c.C.[Tomcat].[localhost].[/]       : Initializing Spring DispatcherServlet 'dispatcherServlet'
2023-11-30 16:56:32.639  INFO 5440 --- [http-nio-8080-exec-1] o.s.web.servlet.DispatcherServlet        : Initializing Servlet 'dispatcherServlet'
2023-11-30 16:56:32.640  INFO 5440 --- [http-nio-8080-exec-1] o.s.web.servlet.DispatcherServlet        : Completed initialization in 1 ms
2023-11-30 16:56:33.277  INFO 5440 --- [http-nio-8080-exec-1] com.sky.controller.user.ShopController   : 获取当前店铺的营业状态为：营业中
2023-11-30 16:56:36.003  INFO 5440 --- [http-nio-8080-exec-3] com.sky.controller.user.UserController   : 微信用户登录，0c3wk72w3x3ZP13aRD2w33uuPg2wk72C
2023-11-30 16:56:37.208 DEBUG 5440 --- [http-nio-8080-exec-3] com.sky.mapper.UserMapper.getByOpenId    : ==>  Preparing: select * from user where openid = ?
2023-11-30 16:56:37.247 DEBUG 5440 --- [http-nio-8080-exec-3] com.sky.mapper.UserMapper.getByOpenId    : ==> Parameters: oBysn5aScedWAu3uWXqOHeTJVe5g(String)
2023-11-30 16:56:37.342 DEBUG 5440 --- [http-nio-8080-exec-3] com.sky.mapper.UserMapper.getByOpenId    : <==      Total: 1
2023-11-30 16:56:37.408  INFO 5440 --- [http-nio-8080-exec-4] c.s.interceptor.JwtTokenUserInterceptor  : jwt校验:eyJhbGciOiJIUzI1NiJ9.eyJleHAiOjE3MDEzNDE3OTcsInVzZXJJZCI6NH0.Z3FCPUMkQEQkORy1zXxkQe0VdKeLwMUvDM48Lcz77fc
2023-11-30 16:56:37.414  WARN 5440 --- [http-nio-8080-exec-5] o.s.web.servlet.PageNotFound             : No mapping for GET /user/shoppingCart/list
2023-11-30 16:56:37.431  INFO 5440 --- [http-nio-8080-exec-4] c.s.interceptor.JwtTokenUserInterceptor  : 当前用户的id：4
2023-11-30 16:56:37.464 DEBUG 5440 --- [http-nio-8080-exec-4] c.s.mapper.CategoryMapper.selectByType   : ==>  Preparing: select * from category where status = 1 order by sort asc,create_time desc
2023-11-30 16:56:37.464 DEBUG 5440 --- [http-nio-8080-exec-4] c.s.mapper.CategoryMapper.selectByType   : ==> Parameters: 
2023-11-30 16:56:37.484 DEBUG 5440 --- [http-nio-8080-exec-4] c.s.mapper.CategoryMapper.selectByType   : <==      Total: 11
2023-11-30 16:56:37.512  INFO 5440 --- [http-nio-8080-exec-6] c.s.interceptor.JwtTokenUserInterceptor  : jwt校验:eyJhbGciOiJIUzI1NiJ9.eyJleHAiOjE3MDEzNDE3OTcsInVzZXJJZCI6NH0.Z3FCPUMkQEQkORy1zXxkQe0VdKeLwMUvDM48Lcz77fc
2023-11-30 16:56:37.513  INFO 5440 --- [http-nio-8080-exec-6] c.s.interceptor.JwtTokenUserInterceptor  : 当前用户的id：4
2023-11-30 16:56:37.526 DEBUG 5440 --- [http-nio-8080-exec-6] com.sky.mapper.DishMapper.userList       : ==>  Preparing: select * from dish where category_id = ? and status = '1'
2023-11-30 16:56:37.527 DEBUG 5440 --- [http-nio-8080-exec-6] com.sky.mapper.DishMapper.userList       : ==> Parameters: 16(String)
2023-11-30 16:56:37.544 DEBUG 5440 --- [http-nio-8080-exec-6] com.sky.mapper.DishMapper.userList       : <==      Total: 3
2023-11-30 16:56:37.574 DEBUG 5440 --- [http-nio-8080-exec-6] c.s.m.D.selectFlavorWithId               : ==>  Preparing: select * from dish_flavor where dish_id = ?
2023-11-30 16:56:37.576 DEBUG 5440 --- [http-nio-8080-exec-6] c.s.m.D.selectFlavorWithId               : ==> Parameters: 65(Long)
2023-11-30 16:56:37.591 DEBUG 5440 --- [http-nio-8080-exec-6] c.s.m.D.selectFlavorWithId               : <==      Total: 1
2023-11-30 16:56:37.592 DEBUG 5440 --- [http-nio-8080-exec-6] c.s.m.CategoryMapper.selectNameById      : ==>  Preparing: select name from category where id = ?
2023-11-30 16:56:37.593 DEBUG 5440 --- [http-nio-8080-exec-6] c.s.m.CategoryMapper.selectNameById      : ==> Parameters: 16(Long)
2023-11-30 16:56:37.597 DEBUG 5440 --- [http-nio-8080-exec-6] c.s.m.CategoryMapper.selectNameById      : <==      Total: 1
2023-11-30 16:56:37.598 DEBUG 5440 --- [http-nio-8080-exec-6] c.s.m.D.selectFlavorWithId               : ==>  Preparing: select * from dish_flavor where dish_id = ?
2023-11-30 16:56:37.598 DEBUG 5440 --- [http-nio-8080-exec-6] c.s.m.D.selectFlavorWithId               : ==> Parameters: 66(Long)
2023-11-30 16:56:37.601 DEBUG 5440 --- [http-nio-8080-exec-6] c.s.m.D.selectFlavorWithId               : <==      Total: 1
2023-11-30 16:56:37.601 DEBUG 5440 --- [http-nio-8080-exec-6] c.s.m.CategoryMapper.selectNameById      : ==>  Preparing: select name from category where id = ?
2023-11-30 16:56:37.602 DEBUG 5440 --- [http-nio-8080-exec-6] c.s.m.CategoryMapper.selectNameById      : ==> Parameters: 16(Long)
2023-11-30 16:56:37.603 DEBUG 5440 --- [http-nio-8080-exec-6] c.s.m.CategoryMapper.selectNameById      : <==      Total: 1
2023-11-30 16:56:37.604 DEBUG 5440 --- [http-nio-8080-exec-6] c.s.m.D.selectFlavorWithId               : ==>  Preparing: select * from dish_flavor where dish_id = ?
2023-11-30 16:56:37.605 DEBUG 5440 --- [http-nio-8080-exec-6] c.s.m.D.selectFlavorWithId               : ==> Parameters: 67(Long)
2023-11-30 16:56:37.606 DEBUG 5440 --- [http-nio-8080-exec-6] c.s.m.D.selectFlavorWithId               : <==      Total: 1
2023-11-30 16:56:37.606 DEBUG 5440 --- [http-nio-8080-exec-6] c.s.m.CategoryMapper.selectNameById      : ==>  Preparing: select name from category where id = ?
2023-11-30 16:56:37.607 DEBUG 5440 --- [http-nio-8080-exec-6] c.s.m.CategoryMapper.selectNameById      : ==> Parameters: 16(Long)
2023-11-30 16:56:37.608 DEBUG 5440 --- [http-nio-8080-exec-6] c.s.m.CategoryMapper.selectNameById      : <==      Total: 1
2023-11-30 16:56:40.383  INFO 5440 --- [http-nio-8080-exec-9] c.s.interceptor.JwtTokenUserInterceptor  : jwt校验:eyJhbGciOiJIUzI1NiJ9.eyJleHAiOjE3MDEzNDE3OTcsInVzZXJJZCI6NH0.Z3FCPUMkQEQkORy1zXxkQe0VdKeLwMUvDM48Lcz77fc
2023-11-30 16:56:40.384  INFO 5440 --- [http-nio-8080-exec-9] c.s.interceptor.JwtTokenUserInterceptor  : 当前用户的id：4
2023-11-30 16:56:40.388 DEBUG 5440 --- [http-nio-8080-exec-9] com.sky.mapper.DishMapper.userList       : ==>  Preparing: select * from dish where category_id = ? and status = '1'
2023-11-30 16:56:40.388 DEBUG 5440 --- [http-nio-8080-exec-9] com.sky.mapper.DishMapper.userList       : ==> Parameters: 17(String)
2023-11-30 16:56:40.391 DEBUG 5440 --- [http-nio-8080-exec-9] com.sky.mapper.DishMapper.userList       : <==      Total: 3
2023-11-30 16:56:40.393 DEBUG 5440 --- [http-nio-8080-exec-9] c.s.m.D.selectFlavorWithId               : ==>  Preparing: select * from dish_flavor where dish_id = ?
2023-11-30 16:56:40.394 DEBUG 5440 --- [http-nio-8080-exec-9] c.s.m.D.selectFlavorWithId               : ==> Parameters: 62(Long)
2023-11-30 16:56:40.395 DEBUG 5440 --- [http-nio-8080-exec-9] c.s.m.D.selectFlavorWithId               : <==      Total: 0
2023-11-30 16:56:40.396 DEBUG 5440 --- [http-nio-8080-exec-9] c.s.m.CategoryMapper.selectNameById      : ==>  Preparing: select name from category where id = ?
2023-11-30 16:56:40.396 DEBUG 5440 --- [http-nio-8080-exec-9] c.s.m.CategoryMapper.selectNameById      : ==> Parameters: 17(Long)
2023-11-30 16:56:40.397 DEBUG 5440 --- [http-nio-8080-exec-9] c.s.m.CategoryMapper.selectNameById      : <==      Total: 1
2023-11-30 16:56:40.399 DEBUG 5440 --- [http-nio-8080-exec-9] c.s.m.D.selectFlavorWithId               : ==>  Preparing: select * from dish_flavor where dish_id = ?
2023-11-30 16:56:40.399 DEBUG 5440 --- [http-nio-8080-exec-9] c.s.m.D.selectFlavorWithId               : ==> Parameters: 63(Long)
2023-11-30 16:56:40.401 DEBUG 5440 --- [http-nio-8080-exec-9] c.s.m.D.selectFlavorWithId               : <==      Total: 0
2023-11-30 16:56:40.403 DEBUG 5440 --- [http-nio-8080-exec-9] c.s.m.CategoryMapper.selectNameById      : ==>  Preparing: select name from category where id = ?
2023-11-30 16:56:40.403 DEBUG 5440 --- [http-nio-8080-exec-9] c.s.m.CategoryMapper.selectNameById      : ==> Parameters: 17(Long)
2023-11-30 16:56:40.404 DEBUG 5440 --- [http-nio-8080-exec-9] c.s.m.CategoryMapper.selectNameById      : <==      Total: 1
2023-11-30 16:56:40.405 DEBUG 5440 --- [http-nio-8080-exec-9] c.s.m.D.selectFlavorWithId               : ==>  Preparing: select * from dish_flavor where dish_id = ?
2023-11-30 16:56:40.406 DEBUG 5440 --- [http-nio-8080-exec-9] c.s.m.D.selectFlavorWithId               : ==> Parameters: 64(Long)
2023-11-30 16:56:40.406 DEBUG 5440 --- [http-nio-8080-exec-9] c.s.m.D.selectFlavorWithId               : <==      Total: 0
2023-11-30 16:56:40.407 DEBUG 5440 --- [http-nio-8080-exec-9] c.s.m.CategoryMapper.selectNameById      : ==>  Preparing: select name from category where id = ?
2023-11-30 16:56:40.408 DEBUG 5440 --- [http-nio-8080-exec-9] c.s.m.CategoryMapper.selectNameById      : ==> Parameters: 17(Long)
2023-11-30 16:56:40.409 DEBUG 5440 --- [http-nio-8080-exec-9] c.s.m.CategoryMapper.selectNameById      : <==      Total: 1
2023-11-30 16:56:46.500  INFO 5440 --- [http-nio-8080-exec-10] c.s.interceptor.JwtTokenUserInterceptor  : jwt校验:eyJhbGciOiJIUzI1NiJ9.eyJleHAiOjE3MDEzNDE3OTcsInVzZXJJZCI6NH0.Z3FCPUMkQEQkORy1zXxkQe0VdKeLwMUvDM48Lcz77fc
2023-11-30 16:56:46.501  INFO 5440 --- [http-nio-8080-exec-10] c.s.interceptor.JwtTokenUserInterceptor  : 当前用户的id：4
2023-11-30 16:56:46.504 DEBUG 5440 --- [http-nio-8080-exec-10] com.sky.mapper.DishMapper.userList       : ==>  Preparing: select * from dish where category_id = ? and status = '1'
2023-11-30 16:56:46.504 DEBUG 5440 --- [http-nio-8080-exec-10] com.sky.mapper.DishMapper.userList       : ==> Parameters: 18(String)
2023-11-30 16:56:46.509 DEBUG 5440 --- [http-nio-8080-exec-10] com.sky.mapper.DishMapper.userList       : <==      Total: 4
2023-11-30 16:56:46.510 DEBUG 5440 --- [http-nio-8080-exec-10] c.s.m.D.selectFlavorWithId               : ==>  Preparing: select * from dish_flavor where dish_id = ?
2023-11-30 16:56:46.510 DEBUG 5440 --- [http-nio-8080-exec-10] c.s.m.D.selectFlavorWithId               : ==> Parameters: 58(Long)
2023-11-30 16:56:46.513 DEBUG 5440 --- [http-nio-8080-exec-10] c.s.m.D.selectFlavorWithId               : <==      Total: 0
2023-11-30 16:56:46.514 DEBUG 5440 --- [http-nio-8080-exec-10] c.s.m.CategoryMapper.selectNameById      : ==>  Preparing: select name from category where id = ?
2023-11-30 16:56:46.514 DEBUG 5440 --- [http-nio-8080-exec-10] c.s.m.CategoryMapper.selectNameById      : ==> Parameters: 18(Long)
2023-11-30 16:56:46.515 DEBUG 5440 --- [http-nio-8080-exec-10] c.s.m.CategoryMapper.selectNameById      : <==      Total: 1
2023-11-30 16:56:46.516 DEBUG 5440 --- [http-nio-8080-exec-10] c.s.m.D.selectFlavorWithId               : ==>  Preparing: select * from dish_flavor where dish_id = ?
2023-11-30 16:56:46.517 DEBUG 5440 --- [http-nio-8080-exec-10] c.s.m.D.selectFlavorWithId               : ==> Parameters: 59(Long)
2023-11-30 16:56:46.519 DEBUG 5440 --- [http-nio-8080-exec-10] c.s.m.D.selectFlavorWithId               : <==      Total: 0
2023-11-30 16:56:46.520 DEBUG 5440 --- [http-nio-8080-exec-10] c.s.m.CategoryMapper.selectNameById      : ==>  Preparing: select name from category where id = ?
2023-11-30 16:56:46.520 DEBUG 5440 --- [http-nio-8080-exec-10] c.s.m.CategoryMapper.selectNameById      : ==> Parameters: 18(Long)
2023-11-30 16:56:46.521 DEBUG 5440 --- [http-nio-8080-exec-10] c.s.m.CategoryMapper.selectNameById      : <==      Total: 1
2023-11-30 16:56:46.522 DEBUG 5440 --- [http-nio-8080-exec-10] c.s.m.D.selectFlavorWithId               : ==>  Preparing: select * from dish_flavor where dish_id = ?
2023-11-30 16:56:46.523 DEBUG 5440 --- [http-nio-8080-exec-10] c.s.m.D.selectFlavorWithId               : ==> Parameters: 60(Long)
2023-11-30 16:56:46.524 DEBUG 5440 --- [http-nio-8080-exec-10] c.s.m.D.selectFlavorWithId               : <==      Total: 1
2023-11-30 16:56:46.526 DEBUG 5440 --- [http-nio-8080-exec-10] c.s.m.CategoryMapper.selectNameById      : ==>  Preparing: select name from category where id = ?
2023-11-30 16:56:46.526 DEBUG 5440 --- [http-nio-8080-exec-10] c.s.m.CategoryMapper.selectNameById      : ==> Parameters: 18(Long)
2023-11-30 16:56:46.528 DEBUG 5440 --- [http-nio-8080-exec-10] c.s.m.CategoryMapper.selectNameById      : <==      Total: 1
2023-11-30 16:56:46.529 DEBUG 5440 --- [http-nio-8080-exec-10] c.s.m.D.selectFlavorWithId               : ==>  Preparing: select * from dish_flavor where dish_id = ?
2023-11-30 16:56:46.530 DEBUG 5440 --- [http-nio-8080-exec-10] c.s.m.D.selectFlavorWithId               : ==> Parameters: 61(Long)
2023-11-30 16:56:46.532 DEBUG 5440 --- [http-nio-8080-exec-10] c.s.m.D.selectFlavorWithId               : <==      Total: 0
2023-11-30 16:56:46.532 DEBUG 5440 --- [http-nio-8080-exec-10] c.s.m.CategoryMapper.selectNameById      : ==>  Preparing: select name from category where id = ?
2023-11-30 16:56:46.532 DEBUG 5440 --- [http-nio-8080-exec-10] c.s.m.CategoryMapper.selectNameById      : ==> Parameters: 18(Long)
2023-11-30 16:56:46.534 DEBUG 5440 --- [http-nio-8080-exec-10] c.s.m.CategoryMapper.selectNameById      : <==      Total: 1
2023-11-30 16:56:51.113  INFO 5440 --- [http-nio-8080-exec-2] c.s.interceptor.JwtTokenUserInterceptor  : jwt校验:eyJhbGciOiJIUzI1NiJ9.eyJleHAiOjE3MDEzNDE3OTcsInVzZXJJZCI6NH0.Z3FCPUMkQEQkORy1zXxkQe0VdKeLwMUvDM48Lcz77fc
2023-11-30 16:56:51.115  INFO 5440 --- [http-nio-8080-exec-2] c.s.interceptor.JwtTokenUserInterceptor  : 当前用户的id：4
2023-11-30 16:56:56.019  INFO 5440 --- [http-nio-8080-exec-3] c.s.interceptor.JwtTokenUserInterceptor  : jwt校验:eyJhbGciOiJIUzI1NiJ9.eyJleHAiOjE3MDEzNDE3OTcsInVzZXJJZCI6NH0.Z3FCPUMkQEQkORy1zXxkQe0VdKeLwMUvDM48Lcz77fc
2023-11-30 16:56:56.021  INFO 5440 --- [http-nio-8080-exec-3] c.s.interceptor.JwtTokenUserInterceptor  : 当前用户的id：4
