2023-11-30 16:56:16.462  INFO 5440 --- [main] com.sky.SkyApplication                   : Starting SkyApplication using Java 20.0.1 on LAPTOP-GT0GK7LB with PID 5440 (D:\JavaWebNote\skyProject\skyOut\sky-take-out\sky-server\target\classes started by ma in D:\JavaWebNote\skyProject\skyOut\sky-take-out)
2023-11-30 16:56:16.467  INFO 5440 --- [main] com.sky.SkyApplication                   : The following 1 profile is active: "dev"
2023-11-30 16:56:19.755  INFO 5440 --- [main] .s.d.r.c.RepositoryConfigurationDelegate : Multiple Spring Data modules found, entering strict repository configuration mode
2023-11-30 16:56:19.759  INFO 5440 --- [main] .s.d.r.c.RepositoryConfigurationDelegate : Bootstrapping Spring Data Redis repositories in DEFAULT mode.
2023-11-30 16:56:19.806  INFO 5440 --- [main] .s.d.r.c.RepositoryConfigurationDelegate : Finished Spring Data repository scanning in 25 ms. Found 0 Redis repository interfaces.
2023-11-30 16:56:20.978  INFO 5440 --- [main] o.s.b.w.embedded.tomcat.TomcatWebServer  : Tomcat initialized with port(s): 8080 (http)
2023-11-30 16:56:20.980  INFO 5440 --- [main] o.a.catalina.core.AprLifecycleListener   : Loaded Apache Tomcat Native library [2.0.5] using APR version [1.7.4].
2023-11-30 16:56:20.980  INFO 5440 --- [main] o.a.catalina.core.AprLifecycleListener   : APR capabilities: IPv6 [true], sendfile [true], accept filters [false], random [true], UDS [true].
2023-11-30 16:56:20.981  INFO 5440 --- [main] o.a.catalina.core.AprLifecycleListener   : APR/OpenSSL configuration: useAprConnector [false], useOpenSSL [true]
2023-11-30 16:56:21.000  INFO 5440 --- [main] o.a.catalina.core.AprLifecycleListener   : OpenSSL successfully initialized [OpenSSL 3.0.10 1 Aug 2023]
2023-11-30 16:56:21.014  INFO 5440 --- [main] o.apache.catalina.core.StandardService   : Starting service [Tomcat]
2023-11-30 16:56:21.014  INFO 5440 --- [main] org.apache.catalina.core.StandardEngine  : Starting Servlet engine: [Apache Tomcat/9.0.65]
2023-11-30 16:56:21.257  INFO 5440 --- [main] o.a.c.c.C.[Tomcat].[localhost].[/]       : Initializing Spring embedded WebApplicationContext
2023-11-30 16:56:21.258  INFO 5440 --- [main] w.s.c.ServletWebServerApplicationContext : Root WebApplicationContext: initialization completed in 4730 ms
2023-11-30 16:56:21.617  INFO 5440 --- [main] c.a.d.s.b.a.DruidDataSourceAutoConfigure : Init DruidDataSource
2023-11-30 16:56:21.939  INFO 5440 --- [main] com.alibaba.druid.pool.DruidDataSource   : {dataSource-1} inited
2023-11-30 16:56:22.753  INFO 5440 --- [main] com.sky.config.OssConfiguration          : 开始创建阿里云文件上传工具类对象，AliOssProperties(endpoint=oss-cn-beijing.aliyuncs.com, accessKeyId=LTAI5tJwTE1itg2srDShqwLa, accessKeySecret=jvmNfZVXECqwd4mEHNRIQzOXRJRPXy, bucketName=mtc-take-out)
2023-11-30 16:56:24.014  INFO 5440 --- [main] com.sky.config.WebMvcConfiguration       : 开始注册自定义拦截器...
2023-11-30 16:56:24.231  INFO 5440 --- [main] com.sky.config.WebMvcConfiguration       : 准备生成接口文档
2023-11-30 16:56:24.312  INFO 5440 --- [main] com.sky.config.WebMvcConfiguration       : 开启扩展消息转化器...
2023-11-30 16:56:24.328  INFO 5440 --- [main] com.sky.config.WebMvcConfiguration       : 开始静态资源映射
2023-11-30 16:56:25.134  INFO 5440 --- [main] o.s.b.w.embedded.tomcat.TomcatWebServer  : Tomcat started on port(s): 8080 (http) with context path ''
2023-11-30 16:56:25.797  INFO 5440 --- [main] com.sky.SkyApplication                   : Started SkyApplication in 10.004 seconds (JVM running for 11.91)
2023-11-30 16:56:25.802  INFO 5440 --- [main] com.sky.SkyApplication                   : server started
2023-11-30 16:56:32.639  INFO 5440 --- [http-nio-8080-exec-1] o.a.c.c.C.[Tomcat].[localhost].[/]       : Initializing Spring DispatcherServlet 'dispatcherServlet'
2023-11-30 16:56:32.639  INFO 5440 --- [http-nio-8080-exec-1] o.s.web.servlet.DispatcherServlet        : Initializing Servlet 'dispatcherServlet'
2023-11-30 16:56:32.640  INFO 5440 --- [http-nio-8080-exec-1] o.s.web.servlet.DispatcherServlet        : Completed initialization in 1 ms
2023-11-30 16:56:33.277  INFO 5440 --- [http-nio-8080-exec-1] com.sky.controller.user.ShopController   : 获取当前店铺的营业状态为：营业中
2023-11-30 16:56:36.003  INFO 5440 --- [http-nio-8080-exec-3] com.sky.controller.user.UserController   : 微信用户登录，0c3wk72w3x3ZP13aRD2w33uuPg2wk72C
2023-11-30 16:56:37.208 DEBUG 5440 --- [http-nio-8080-exec-3] com.sky.mapper.UserMapper.getByOpenId    : ==>  Preparing: select * from user where openid = ?
2023-11-30 16:56:37.247 DEBUG 5440 --- [http-nio-8080-exec-3] com.sky.mapper.UserMapper.getByOpenId    : ==> Parameters: oBysn5aScedWAu3uWXqOHeTJVe5g(String)
2023-11-30 16:56:37.342 DEBUG 5440 --- [http-nio-8080-exec-3] com.sky.mapper.UserMapper.getByOpenId    : <==      Total: 1
2023-11-30 16:56:37.408  INFO 5440 --- [http-nio-8080-exec-4] c.s.interceptor.JwtTokenUserInterceptor  : jwt校验:eyJhbGciOiJIUzI1NiJ9.eyJleHAiOjE3MDEzNDE3OTcsInVzZXJJZCI6NH0.Z3FCPUMkQEQkORy1zXxkQe0VdKeLwMUvDM48Lcz77fc
2023-11-30 16:56:37.414  WARN 5440 --- [http-nio-8080-exec-5] o.s.web.servlet.PageNotFound             : No mapping for GET /user/shoppingCart/list
2023-11-30 16:56:37.431  INFO 5440 --- [http-nio-8080-exec-4] c.s.interceptor.JwtTokenUserInterceptor  : 当前用户的id：4
2023-11-30 16:56:37.464 DEBUG 5440 --- [http-nio-8080-exec-4] c.s.mapper.CategoryMapper.selectByType   : ==>  Preparing: select * from category where status = 1 order by sort asc,create_time desc
2023-11-30 16:56:37.464 DEBUG 5440 --- [http-nio-8080-exec-4] c.s.mapper.CategoryMapper.selectByType   : ==> Parameters: 
2023-11-30 16:56:37.484 DEBUG 5440 --- [http-nio-8080-exec-4] c.s.mapper.CategoryMapper.selectByType   : <==      Total: 11
2023-11-30 16:56:37.512  INFO 5440 --- [http-nio-8080-exec-6] c.s.interceptor.JwtTokenUserInterceptor  : jwt校验:eyJhbGciOiJIUzI1NiJ9.eyJleHAiOjE3MDEzNDE3OTcsInVzZXJJZCI6NH0.Z3FCPUMkQEQkORy1zXxkQe0VdKeLwMUvDM48Lcz77fc
2023-11-30 16:56:37.513  INFO 5440 --- [http-nio-8080-exec-6] c.s.interceptor.JwtTokenUserInterceptor  : 当前用户的id：4
2023-11-30 16:56:37.526 DEBUG 5440 --- [http-nio-8080-exec-6] com.sky.mapper.DishMapper.userList       : ==>  Preparing: select * from dish where category_id = ? and status = '1'
2023-11-30 16:56:37.527 DEBUG 5440 --- [http-nio-8080-exec-6] com.sky.mapper.DishMapper.userList       : ==> Parameters: 16(String)
2023-11-30 16:56:37.544 DEBUG 5440 --- [http-nio-8080-exec-6] com.sky.mapper.DishMapper.userList       : <==      Total: 3
2023-11-30 16:56:37.574 DEBUG 5440 --- [http-nio-8080-exec-6] c.s.m.D.selectFlavorWithId               : ==>  Preparing: select * from dish_flavor where dish_id = ?
2023-11-30 16:56:37.576 DEBUG 5440 --- [http-nio-8080-exec-6] c.s.m.D.selectFlavorWithId               : ==> Parameters: 65(Long)
2023-11-30 16:56:37.591 DEBUG 5440 --- [http-nio-8080-exec-6] c.s.m.D.selectFlavorWithId               : <==      Total: 1
2023-11-30 16:56:37.592 DEBUG 5440 --- [http-nio-8080-exec-6] c.s.m.CategoryMapper.selectNameById      : ==>  Preparing: select name from category where id = ?
2023-11-30 16:56:37.593 DEBUG 5440 --- [http-nio-8080-exec-6] c.s.m.CategoryMapper.selectNameById      : ==> Parameters: 16(Long)
2023-11-30 16:56:37.597 DEBUG 5440 --- [http-nio-8080-exec-6] c.s.m.CategoryMapper.selectNameById      : <==      Total: 1
2023-11-30 16:56:37.598 DEBUG 5440 --- [http-nio-8080-exec-6] c.s.m.D.selectFlavorWithId               : ==>  Preparing: select * from dish_flavor where dish_id = ?
2023-11-30 16:56:37.598 DEBUG 5440 --- [http-nio-8080-exec-6] c.s.m.D.selectFlavorWithId               : ==> Parameters: 66(Long)
2023-11-30 16:56:37.601 DEBUG 5440 --- [http-nio-8080-exec-6] c.s.m.D.selectFlavorWithId               : <==      Total: 1
2023-11-30 16:56:37.601 DEBUG 5440 --- [http-nio-8080-exec-6] c.s.m.CategoryMapper.selectNameById      : ==>  Preparing: select name from category where id = ?
2023-11-30 16:56:37.602 DEBUG 5440 --- [http-nio-8080-exec-6] c.s.m.CategoryMapper.selectNameById      : ==> Parameters: 16(Long)
2023-11-30 16:56:37.603 DEBUG 5440 --- [http-nio-8080-exec-6] c.s.m.CategoryMapper.selectNameById      : <==      Total: 1
2023-11-30 16:56:37.604 DEBUG 5440 --- [http-nio-8080-exec-6] c.s.m.D.selectFlavorWithId               : ==>  Preparing: select * from dish_flavor where dish_id = ?
2023-11-30 16:56:37.605 DEBUG 5440 --- [http-nio-8080-exec-6] c.s.m.D.selectFlavorWithId               : ==> Parameters: 67(Long)
2023-11-30 16:56:37.606 DEBUG 5440 --- [http-nio-8080-exec-6] c.s.m.D.selectFlavorWithId               : <==      Total: 1
2023-11-30 16:56:37.606 DEBUG 5440 --- [http-nio-8080-exec-6] c.s.m.CategoryMapper.selectNameById      : ==>  Preparing: select name from category where id = ?
2023-11-30 16:56:37.607 DEBUG 5440 --- [http-nio-8080-exec-6] c.s.m.CategoryMapper.selectNameById      : ==> Parameters: 16(Long)
2023-11-30 16:56:37.608 DEBUG 5440 --- [http-nio-8080-exec-6] c.s.m.CategoryMapper.selectNameById      : <==      Total: 1
2023-11-30 16:56:40.383  INFO 5440 --- [http-nio-8080-exec-9] c.s.interceptor.JwtTokenUserInterceptor  : jwt校验:eyJhbGciOiJIUzI1NiJ9.eyJleHAiOjE3MDEzNDE3OTcsInVzZXJJZCI6NH0.Z3FCPUMkQEQkORy1zXxkQe0VdKeLwMUvDM48Lcz77fc
2023-11-30 16:56:40.384  INFO 5440 --- [http-nio-8080-exec-9] c.s.interceptor.JwtTokenUserInterceptor  : 当前用户的id：4
2023-11-30 16:56:40.388 DEBUG 5440 --- [http-nio-8080-exec-9] com.sky.mapper.DishMapper.userList       : ==>  Preparing: select * from dish where category_id = ? and status = '1'
2023-11-30 16:56:40.388 DEBUG 5440 --- [http-nio-8080-exec-9] com.sky.mapper.DishMapper.userList       : ==> Parameters: 17(String)
2023-11-30 16:56:40.391 DEBUG 5440 --- [http-nio-8080-exec-9] com.sky.mapper.DishMapper.userList       : <==      Total: 3
2023-11-30 16:56:40.393 DEBUG 5440 --- [http-nio-8080-exec-9] c.s.m.D.selectFlavorWithId               : ==>  Preparing: select * from dish_flavor where dish_id = ?
2023-11-30 16:56:40.394 DEBUG 5440 --- [http-nio-8080-exec-9] c.s.m.D.selectFlavorWithId               : ==> Parameters: 62(Long)
2023-11-30 16:56:40.395 DEBUG 5440 --- [http-nio-8080-exec-9] c.s.m.D.selectFlavorWithId               : <==      Total: 0
2023-11-30 16:56:40.396 DEBUG 5440 --- [http-nio-8080-exec-9] c.s.m.CategoryMapper.selectNameById      : ==>  Preparing: select name from category where id = ?
2023-11-30 16:56:40.396 DEBUG 5440 --- [http-nio-8080-exec-9] c.s.m.CategoryMapper.selectNameById      : ==> Parameters: 17(Long)
2023-11-30 16:56:40.397 DEBUG 5440 --- [http-nio-8080-exec-9] c.s.m.CategoryMapper.selectNameById      : <==      Total: 1
2023-11-30 16:56:40.399 DEBUG 5440 --- [http-nio-8080-exec-9] c.s.m.D.selectFlavorWithId               : ==>  Preparing: select * from dish_flavor where dish_id = ?
2023-11-30 16:56:40.399 DEBUG 5440 --- [http-nio-8080-exec-9] c.s.m.D.selectFlavorWithId               : ==> Parameters: 63(Long)
2023-11-30 16:56:40.401 DEBUG 5440 --- [http-nio-8080-exec-9] c.s.m.D.selectFlavorWithId               : <==      Total: 0
2023-11-30 16:56:40.403 DEBUG 5440 --- [http-nio-8080-exec-9] c.s.m.CategoryMapper.selectNameById      : ==>  Preparing: select name from category where id = ?
2023-11-30 16:56:40.403 DEBUG 5440 --- [http-nio-8080-exec-9] c.s.m.CategoryMapper.selectNameById      : ==> Parameters: 17(Long)
2023-11-30 16:56:40.404 DEBUG 5440 --- [http-nio-8080-exec-9] c.s.m.CategoryMapper.selectNameById      : <==      Total: 1
2023-11-30 16:56:40.405 DEBUG 5440 --- [http-nio-8080-exec-9] c.s.m.D.selectFlavorWithId               : ==>  Preparing: select * from dish_flavor where dish_id = ?
2023-11-30 16:56:40.406 DEBUG 5440 --- [http-nio-8080-exec-9] c.s.m.D.selectFlavorWithId               : ==> Parameters: 64(Long)
2023-11-30 16:56:40.406 DEBUG 5440 --- [http-nio-8080-exec-9] c.s.m.D.selectFlavorWithId               : <==      Total: 0
2023-11-30 16:56:40.407 DEBUG 5440 --- [http-nio-8080-exec-9] c.s.m.CategoryMapper.selectNameById      : ==>  Preparing: select name from category where id = ?
2023-11-30 16:56:40.408 DEBUG 5440 --- [http-nio-8080-exec-9] c.s.m.CategoryMapper.selectNameById      : ==> Parameters: 17(Long)
2023-11-30 16:56:40.409 DEBUG 5440 --- [http-nio-8080-exec-9] c.s.m.CategoryMapper.selectNameById      : <==      Total: 1
2023-11-30 16:56:46.500  INFO 5440 --- [http-nio-8080-exec-10] c.s.interceptor.JwtTokenUserInterceptor  : jwt校验:eyJhbGciOiJIUzI1NiJ9.eyJleHAiOjE3MDEzNDE3OTcsInVzZXJJZCI6NH0.Z3FCPUMkQEQkORy1zXxkQe0VdKeLwMUvDM48Lcz77fc
2023-11-30 16:56:46.501  INFO 5440 --- [http-nio-8080-exec-10] c.s.interceptor.JwtTokenUserInterceptor  : 当前用户的id：4
2023-11-30 16:56:46.504 DEBUG 5440 --- [http-nio-8080-exec-10] com.sky.mapper.DishMapper.userList       : ==>  Preparing: select * from dish where category_id = ? and status = '1'
2023-11-30 16:56:46.504 DEBUG 5440 --- [http-nio-8080-exec-10] com.sky.mapper.DishMapper.userList       : ==> Parameters: 18(String)
2023-11-30 16:56:46.509 DEBUG 5440 --- [http-nio-8080-exec-10] com.sky.mapper.DishMapper.userList       : <==      Total: 4
2023-11-30 16:56:46.510 DEBUG 5440 --- [http-nio-8080-exec-10] c.s.m.D.selectFlavorWithId               : ==>  Preparing: select * from dish_flavor where dish_id = ?
2023-11-30 16:56:46.510 DEBUG 5440 --- [http-nio-8080-exec-10] c.s.m.D.selectFlavorWithId               : ==> Parameters: 58(Long)
2023-11-30 16:56:46.513 DEBUG 5440 --- [http-nio-8080-exec-10] c.s.m.D.selectFlavorWithId               : <==      Total: 0
2023-11-30 16:56:46.514 DEBUG 5440 --- [http-nio-8080-exec-10] c.s.m.CategoryMapper.selectNameById      : ==>  Preparing: select name from category where id = ?
2023-11-30 16:56:46.514 DEBUG 5440 --- [http-nio-8080-exec-10] c.s.m.CategoryMapper.selectNameById      : ==> Parameters: 18(Long)
2023-11-30 16:56:46.515 DEBUG 5440 --- [http-nio-8080-exec-10] c.s.m.CategoryMapper.selectNameById      : <==      Total: 1
2023-11-30 16:56:46.516 DEBUG 5440 --- [http-nio-8080-exec-10] c.s.m.D.selectFlavorWithId               : ==>  Preparing: select * from dish_flavor where dish_id = ?
2023-11-30 16:56:46.517 DEBUG 5440 --- [http-nio-8080-exec-10] c.s.m.D.selectFlavorWithId               : ==> Parameters: 59(Long)
2023-11-30 16:56:46.519 DEBUG 5440 --- [http-nio-8080-exec-10] c.s.m.D.selectFlavorWithId               : <==      Total: 0
2023-11-30 16:56:46.520 DEBUG 5440 --- [http-nio-8080-exec-10] c.s.m.CategoryMapper.selectNameById      : ==>  Preparing: select name from category where id = ?
2023-11-30 16:56:46.520 DEBUG 5440 --- [http-nio-8080-exec-10] c.s.m.CategoryMapper.selectNameById      : ==> Parameters: 18(Long)
2023-11-30 16:56:46.521 DEBUG 5440 --- [http-nio-8080-exec-10] c.s.m.CategoryMapper.selectNameById      : <==      Total: 1
2023-11-30 16:56:46.522 DEBUG 5440 --- [http-nio-8080-exec-10] c.s.m.D.selectFlavorWithId               : ==>  Preparing: select * from dish_flavor where dish_id = ?
2023-11-30 16:56:46.523 DEBUG 5440 --- [http-nio-8080-exec-10] c.s.m.D.selectFlavorWithId               : ==> Parameters: 60(Long)
2023-11-30 16:56:46.524 DEBUG 5440 --- [http-nio-8080-exec-10] c.s.m.D.selectFlavorWithId               : <==      Total: 1
2023-11-30 16:56:46.526 DEBUG 5440 --- [http-nio-8080-exec-10] c.s.m.CategoryMapper.selectNameById      : ==>  Preparing: select name from category where id = ?
2023-11-30 16:56:46.526 DEBUG 5440 --- [http-nio-8080-exec-10] c.s.m.CategoryMapper.selectNameById      : ==> Parameters: 18(Long)
2023-11-30 16:56:46.528 DEBUG 5440 --- [http-nio-8080-exec-10] c.s.m.CategoryMapper.selectNameById      : <==      Total: 1
2023-11-30 16:56:46.529 DEBUG 5440 --- [http-nio-8080-exec-10] c.s.m.D.selectFlavorWithId               : ==>  Preparing: select * from dish_flavor where dish_id = ?
2023-11-30 16:56:46.530 DEBUG 5440 --- [http-nio-8080-exec-10] c.s.m.D.selectFlavorWithId               : ==> Parameters: 61(Long)
2023-11-30 16:56:46.532 DEBUG 5440 --- [http-nio-8080-exec-10] c.s.m.D.selectFlavorWithId               : <==      Total: 0
2023-11-30 16:56:46.532 DEBUG 5440 --- [http-nio-8080-exec-10] c.s.m.CategoryMapper.selectNameById      : ==>  Preparing: select name from category where id = ?
2023-11-30 16:56:46.532 DEBUG 5440 --- [http-nio-8080-exec-10] c.s.m.CategoryMapper.selectNameById      : ==> Parameters: 18(Long)
2023-11-30 16:56:46.534 DEBUG 5440 --- [http-nio-8080-exec-10] c.s.m.CategoryMapper.selectNameById      : <==      Total: 1
2023-11-30 16:56:51.113  INFO 5440 --- [http-nio-8080-exec-2] c.s.interceptor.JwtTokenUserInterceptor  : jwt校验:eyJhbGciOiJIUzI1NiJ9.eyJleHAiOjE3MDEzNDE3OTcsInVzZXJJZCI6NH0.Z3FCPUMkQEQkORy1zXxkQe0VdKeLwMUvDM48Lcz77fc
2023-11-30 16:56:51.115  INFO 5440 --- [http-nio-8080-exec-2] c.s.interceptor.JwtTokenUserInterceptor  : 当前用户的id：4
2023-11-30 16:56:56.019  INFO 5440 --- [http-nio-8080-exec-3] c.s.interceptor.JwtTokenUserInterceptor  : jwt校验:eyJhbGciOiJIUzI1NiJ9.eyJleHAiOjE3MDEzNDE3OTcsInVzZXJJZCI6NH0.Z3FCPUMkQEQkORy1zXxkQe0VdKeLwMUvDM48Lcz77fc
2023-11-30 16:56:56.021  INFO 5440 --- [http-nio-8080-exec-3] c.s.interceptor.JwtTokenUserInterceptor  : 当前用户的id：4
2023-11-30 16:57:21.763  INFO 5440 --- [http-nio-8080-exec-4] c.s.interceptor.JwtTokenUserInterceptor  : jwt校验:eyJhbGciOiJIUzI1NiJ9.eyJleHAiOjE3MDEzNDE3OTcsInVzZXJJZCI6NH0.Z3FCPUMkQEQkORy1zXxkQe0VdKeLwMUvDM48Lcz77fc
2023-11-30 16:57:21.764  INFO 5440 --- [http-nio-8080-exec-4] c.s.interceptor.JwtTokenUserInterceptor  : 当前用户的id：4
2023-11-30 16:57:21.767 DEBUG 5440 --- [http-nio-8080-exec-4] com.sky.mapper.DishMapper.userList       : ==>  Preparing: select * from dish where category_id = ? and status = '1'
2023-11-30 16:57:21.767 DEBUG 5440 --- [http-nio-8080-exec-4] com.sky.mapper.DishMapper.userList       : ==> Parameters: 19(String)
2023-11-30 16:57:21.769 DEBUG 5440 --- [http-nio-8080-exec-4] com.sky.mapper.DishMapper.userList       : <==      Total: 4
2023-11-30 16:57:21.770 DEBUG 5440 --- [http-nio-8080-exec-4] c.s.m.D.selectFlavorWithId               : ==>  Preparing: select * from dish_flavor where dish_id = ?
2023-11-30 16:57:21.770 DEBUG 5440 --- [http-nio-8080-exec-4] c.s.m.D.selectFlavorWithId               : ==> Parameters: 54(Long)
2023-11-30 16:57:21.772 DEBUG 5440 --- [http-nio-8080-exec-4] c.s.m.D.selectFlavorWithId               : <==      Total: 1
2023-11-30 16:57:21.773 DEBUG 5440 --- [http-nio-8080-exec-4] c.s.m.CategoryMapper.selectNameById      : ==>  Preparing: select name from category where id = ?
2023-11-30 16:57:21.773 DEBUG 5440 --- [http-nio-8080-exec-4] c.s.m.CategoryMapper.selectNameById      : ==> Parameters: 19(Long)
2023-11-30 16:57:21.774 DEBUG 5440 --- [http-nio-8080-exec-4] c.s.m.CategoryMapper.selectNameById      : <==      Total: 1
2023-11-30 16:57:21.775 DEBUG 5440 --- [http-nio-8080-exec-4] c.s.m.D.selectFlavorWithId               : ==>  Preparing: select * from dish_flavor where dish_id = ?
2023-11-30 16:57:21.775 DEBUG 5440 --- [http-nio-8080-exec-4] c.s.m.D.selectFlavorWithId               : ==> Parameters: 55(Long)
2023-11-30 16:57:21.777 DEBUG 5440 --- [http-nio-8080-exec-4] c.s.m.D.selectFlavorWithId               : <==      Total: 0
2023-11-30 16:57:21.779 DEBUG 5440 --- [http-nio-8080-exec-4] c.s.m.CategoryMapper.selectNameById      : ==>  Preparing: select name from category where id = ?
2023-11-30 16:57:21.779 DEBUG 5440 --- [http-nio-8080-exec-4] c.s.m.CategoryMapper.selectNameById      : ==> Parameters: 19(Long)
2023-11-30 16:57:21.780 DEBUG 5440 --- [http-nio-8080-exec-4] c.s.m.CategoryMapper.selectNameById      : <==      Total: 1
2023-11-30 16:57:21.781 DEBUG 5440 --- [http-nio-8080-exec-4] c.s.m.D.selectFlavorWithId               : ==>  Preparing: select * from dish_flavor where dish_id = ?
2023-11-30 16:57:21.781 DEBUG 5440 --- [http-nio-8080-exec-4] c.s.m.D.selectFlavorWithId               : ==> Parameters: 56(Long)
2023-11-30 16:57:21.783 DEBUG 5440 --- [http-nio-8080-exec-4] c.s.m.D.selectFlavorWithId               : <==      Total: 1
2023-11-30 16:57:21.783 DEBUG 5440 --- [http-nio-8080-exec-4] c.s.m.CategoryMapper.selectNameById      : ==>  Preparing: select name from category where id = ?
2023-11-30 16:57:21.784 DEBUG 5440 --- [http-nio-8080-exec-4] c.s.m.CategoryMapper.selectNameById      : ==> Parameters: 19(Long)
2023-11-30 16:57:21.785 DEBUG 5440 --- [http-nio-8080-exec-4] c.s.m.CategoryMapper.selectNameById      : <==      Total: 1
2023-11-30 16:57:21.786 DEBUG 5440 --- [http-nio-8080-exec-4] c.s.m.D.selectFlavorWithId               : ==>  Preparing: select * from dish_flavor where dish_id = ?
2023-11-30 16:57:21.786 DEBUG 5440 --- [http-nio-8080-exec-4] c.s.m.D.selectFlavorWithId               : ==> Parameters: 57(Long)
2023-11-30 16:57:21.788 DEBUG 5440 --- [http-nio-8080-exec-4] c.s.m.D.selectFlavorWithId               : <==      Total: 1
2023-11-30 16:57:21.789 DEBUG 5440 --- [http-nio-8080-exec-4] c.s.m.CategoryMapper.selectNameById      : ==>  Preparing: select name from category where id = ?
2023-11-30 16:57:21.789 DEBUG 5440 --- [http-nio-8080-exec-4] c.s.m.CategoryMapper.selectNameById      : ==> Parameters: 19(Long)
2023-11-30 16:57:21.790 DEBUG 5440 --- [http-nio-8080-exec-4] c.s.m.CategoryMapper.selectNameById      : <==      Total: 1
2023-11-30 16:57:24.598  INFO 5440 --- [http-nio-8080-exec-6] c.s.interceptor.JwtTokenUserInterceptor  : jwt校验:eyJhbGciOiJIUzI1NiJ9.eyJleHAiOjE3MDEzNDE3OTcsInVzZXJJZCI6NH0.Z3FCPUMkQEQkORy1zXxkQe0VdKeLwMUvDM48Lcz77fc
2023-11-30 16:57:24.599  INFO 5440 --- [http-nio-8080-exec-6] c.s.interceptor.JwtTokenUserInterceptor  : 当前用户的id：4
2023-11-30 16:57:24.602 DEBUG 5440 --- [http-nio-8080-exec-6] com.sky.mapper.DishMapper.userList       : ==>  Preparing: select * from dish where category_id = ? and status = '1'
2023-11-30 16:57:24.602 DEBUG 5440 --- [http-nio-8080-exec-6] com.sky.mapper.DishMapper.userList       : ==> Parameters: 20(String)
2023-11-30 16:57:24.604 DEBUG 5440 --- [http-nio-8080-exec-6] com.sky.mapper.DishMapper.userList       : <==      Total: 3
2023-11-30 16:57:24.605 DEBUG 5440 --- [http-nio-8080-exec-6] c.s.m.D.selectFlavorWithId               : ==>  Preparing: select * from dish_flavor where dish_id = ?
2023-11-30 16:57:24.606 DEBUG 5440 --- [http-nio-8080-exec-6] c.s.m.D.selectFlavorWithId               : ==> Parameters: 51(Long)
2023-11-30 16:57:24.607 DEBUG 5440 --- [http-nio-8080-exec-6] c.s.m.D.selectFlavorWithId               : <==      Total: 2
2023-11-30 16:57:24.608 DEBUG 5440 --- [http-nio-8080-exec-6] c.s.m.CategoryMapper.selectNameById      : ==>  Preparing: select name from category where id = ?
2023-11-30 16:57:24.608 DEBUG 5440 --- [http-nio-8080-exec-6] c.s.m.CategoryMapper.selectNameById      : ==> Parameters: 20(Long)
2023-11-30 16:57:24.610 DEBUG 5440 --- [http-nio-8080-exec-6] c.s.m.CategoryMapper.selectNameById      : <==      Total: 1
2023-11-30 16:57:24.610 DEBUG 5440 --- [http-nio-8080-exec-6] c.s.m.D.selectFlavorWithId               : ==>  Preparing: select * from dish_flavor where dish_id = ?
2023-11-30 16:57:24.610 DEBUG 5440 --- [http-nio-8080-exec-6] c.s.m.D.selectFlavorWithId               : ==> Parameters: 52(Long)
2023-11-30 16:57:24.612 DEBUG 5440 --- [http-nio-8080-exec-6] c.s.m.D.selectFlavorWithId               : <==      Total: 2
2023-11-30 16:57:24.612 DEBUG 5440 --- [http-nio-8080-exec-6] c.s.m.CategoryMapper.selectNameById      : ==>  Preparing: select name from category where id = ?
2023-11-30 16:57:24.612 DEBUG 5440 --- [http-nio-8080-exec-6] c.s.m.CategoryMapper.selectNameById      : ==> Parameters: 20(Long)
2023-11-30 16:57:24.613 DEBUG 5440 --- [http-nio-8080-exec-6] c.s.m.CategoryMapper.selectNameById      : <==      Total: 1
2023-11-30 16:57:24.615 DEBUG 5440 --- [http-nio-8080-exec-6] c.s.m.D.selectFlavorWithId               : ==>  Preparing: select * from dish_flavor where dish_id = ?
2023-11-30 16:57:24.616 DEBUG 5440 --- [http-nio-8080-exec-6] c.s.m.D.selectFlavorWithId               : ==> Parameters: 53(Long)
2023-11-30 16:57:24.617 DEBUG 5440 --- [http-nio-8080-exec-6] c.s.m.D.selectFlavorWithId               : <==      Total: 2
2023-11-30 16:57:24.618 DEBUG 5440 --- [http-nio-8080-exec-6] c.s.m.CategoryMapper.selectNameById      : ==>  Preparing: select name from category where id = ?
2023-11-30 16:57:24.618 DEBUG 5440 --- [http-nio-8080-exec-6] c.s.m.CategoryMapper.selectNameById      : ==> Parameters: 20(Long)
2023-11-30 16:57:24.619 DEBUG 5440 --- [http-nio-8080-exec-6] c.s.m.CategoryMapper.selectNameById      : <==      Total: 1
2023-11-30 16:57:25.155  INFO 5440 --- [http-nio-8080-exec-8] c.s.interceptor.JwtTokenUserInterceptor  : jwt校验:eyJhbGciOiJIUzI1NiJ9.eyJleHAiOjE3MDEzNDE3OTcsInVzZXJJZCI6NH0.Z3FCPUMkQEQkORy1zXxkQe0VdKeLwMUvDM48Lcz77fc
2023-11-30 16:57:25.158  INFO 5440 --- [http-nio-8080-exec-8] c.s.interceptor.JwtTokenUserInterceptor  : 当前用户的id：4
2023-11-30 16:57:25.161 DEBUG 5440 --- [http-nio-8080-exec-8] com.sky.mapper.DishMapper.userList       : ==>  Preparing: select * from dish where category_id = ? and status = '1'
2023-11-30 16:57:25.161 DEBUG 5440 --- [http-nio-8080-exec-8] com.sky.mapper.DishMapper.userList       : ==> Parameters: 12(String)
2023-11-30 16:57:25.162 DEBUG 5440 --- [http-nio-8080-exec-8] com.sky.mapper.DishMapper.userList       : <==      Total: 2
2023-11-30 16:57:25.163 DEBUG 5440 --- [http-nio-8080-exec-8] c.s.m.D.selectFlavorWithId               : ==>  Preparing: select * from dish_flavor where dish_id = ?
2023-11-30 16:57:25.163 DEBUG 5440 --- [http-nio-8080-exec-8] c.s.m.D.selectFlavorWithId               : ==> Parameters: 49(Long)
2023-11-30 16:57:25.164 DEBUG 5440 --- [http-nio-8080-exec-8] c.s.m.D.selectFlavorWithId               : <==      Total: 0
2023-11-30 16:57:25.164 DEBUG 5440 --- [http-nio-8080-exec-8] c.s.m.CategoryMapper.selectNameById      : ==>  Preparing: select name from category where id = ?
2023-11-30 16:57:25.165 DEBUG 5440 --- [http-nio-8080-exec-8] c.s.m.CategoryMapper.selectNameById      : ==> Parameters: 12(Long)
2023-11-30 16:57:25.165 DEBUG 5440 --- [http-nio-8080-exec-8] c.s.m.CategoryMapper.selectNameById      : <==      Total: 1
2023-11-30 16:57:25.166 DEBUG 5440 --- [http-nio-8080-exec-8] c.s.m.D.selectFlavorWithId               : ==>  Preparing: select * from dish_flavor where dish_id = ?
2023-11-30 16:57:25.166 DEBUG 5440 --- [http-nio-8080-exec-8] c.s.m.D.selectFlavorWithId               : ==> Parameters: 50(Long)
2023-11-30 16:57:25.167 DEBUG 5440 --- [http-nio-8080-exec-8] c.s.m.D.selectFlavorWithId               : <==      Total: 0
2023-11-30 16:57:25.167 DEBUG 5440 --- [http-nio-8080-exec-8] c.s.m.CategoryMapper.selectNameById      : ==>  Preparing: select name from category where id = ?
2023-11-30 16:57:25.167 DEBUG 5440 --- [http-nio-8080-exec-8] c.s.m.CategoryMapper.selectNameById      : ==> Parameters: 12(Long)
2023-11-30 16:57:25.167 DEBUG 5440 --- [http-nio-8080-exec-8] c.s.m.CategoryMapper.selectNameById      : <==      Total: 1
2023-11-30 16:57:25.631  INFO 5440 --- [http-nio-8080-exec-7] c.s.interceptor.JwtTokenUserInterceptor  : jwt校验:eyJhbGciOiJIUzI1NiJ9.eyJleHAiOjE3MDEzNDE3OTcsInVzZXJJZCI6NH0.Z3FCPUMkQEQkORy1zXxkQe0VdKeLwMUvDM48Lcz77fc
2023-11-30 16:57:25.633  INFO 5440 --- [http-nio-8080-exec-7] c.s.interceptor.JwtTokenUserInterceptor  : 当前用户的id：4
2023-11-30 16:57:25.635 DEBUG 5440 --- [http-nio-8080-exec-7] com.sky.mapper.DishMapper.userList       : ==>  Preparing: select * from dish where category_id = ? and status = '1'
2023-11-30 16:57:25.635 DEBUG 5440 --- [http-nio-8080-exec-7] com.sky.mapper.DishMapper.userList       : ==> Parameters: 21(String)
2023-11-30 16:57:25.637 DEBUG 5440 --- [http-nio-8080-exec-7] com.sky.mapper.DishMapper.userList       : <==      Total: 2
2023-11-30 16:57:25.638 DEBUG 5440 --- [http-nio-8080-exec-7] c.s.m.D.selectFlavorWithId               : ==>  Preparing: select * from dish_flavor where dish_id = ?
2023-11-30 16:57:25.638 DEBUG 5440 --- [http-nio-8080-exec-7] c.s.m.D.selectFlavorWithId               : ==> Parameters: 68(Long)
2023-11-30 16:57:25.639 DEBUG 5440 --- [http-nio-8080-exec-7] c.s.m.D.selectFlavorWithId               : <==      Total: 3
2023-11-30 16:57:25.641 DEBUG 5440 --- [http-nio-8080-exec-7] c.s.m.CategoryMapper.selectNameById      : ==>  Preparing: select name from category where id = ?
2023-11-30 16:57:25.641 DEBUG 5440 --- [http-nio-8080-exec-7] c.s.m.CategoryMapper.selectNameById      : ==> Parameters: 21(Long)
2023-11-30 16:57:25.642 DEBUG 5440 --- [http-nio-8080-exec-7] c.s.m.CategoryMapper.selectNameById      : <==      Total: 1
2023-11-30 16:57:25.643 DEBUG 5440 --- [http-nio-8080-exec-7] c.s.m.D.selectFlavorWithId               : ==>  Preparing: select * from dish_flavor where dish_id = ?
2023-11-30 16:57:25.643 DEBUG 5440 --- [http-nio-8080-exec-7] c.s.m.D.selectFlavorWithId               : ==> Parameters: 69(Long)
2023-11-30 16:57:25.644 DEBUG 5440 --- [http-nio-8080-exec-7] c.s.m.D.selectFlavorWithId               : <==      Total: 4
2023-11-30 16:57:25.645 DEBUG 5440 --- [http-nio-8080-exec-7] c.s.m.CategoryMapper.selectNameById      : ==>  Preparing: select name from category where id = ?
2023-11-30 16:57:25.645 DEBUG 5440 --- [http-nio-8080-exec-7] c.s.m.CategoryMapper.selectNameById      : ==> Parameters: 21(Long)
2023-11-30 16:57:25.646 DEBUG 5440 --- [http-nio-8080-exec-7] c.s.m.CategoryMapper.selectNameById      : <==      Total: 1
2023-11-30 16:57:26.921  INFO 5440 --- [http-nio-8080-exec-9] c.s.interceptor.JwtTokenUserInterceptor  : jwt校验:eyJhbGciOiJIUzI1NiJ9.eyJleHAiOjE3MDEzNDE3OTcsInVzZXJJZCI6NH0.Z3FCPUMkQEQkORy1zXxkQe0VdKeLwMUvDM48Lcz77fc
2023-11-30 16:57:26.922  INFO 5440 --- [http-nio-8080-exec-9] c.s.interceptor.JwtTokenUserInterceptor  : 当前用户的id：4
2023-11-30 16:57:26.924 DEBUG 5440 --- [http-nio-8080-exec-9] com.sky.mapper.SetmealMapper.userList    : ==>  Preparing: select * from setmeal where category_id = ? and status = '1'
2023-11-30 16:57:26.924 DEBUG 5440 --- [http-nio-8080-exec-9] com.sky.mapper.SetmealMapper.userList    : ==> Parameters: 13(String)
2023-11-30 16:57:26.938 DEBUG 5440 --- [http-nio-8080-exec-9] com.sky.mapper.SetmealMapper.userList    : <==      Total: 0
2023-11-30 16:57:27.012  INFO 5440 --- [http-nio-8080-exec-10] c.s.interceptor.JwtTokenUserInterceptor  : jwt校验:eyJhbGciOiJIUzI1NiJ9.eyJleHAiOjE3MDEzNDE3OTcsInVzZXJJZCI6NH0.Z3FCPUMkQEQkORy1zXxkQe0VdKeLwMUvDM48Lcz77fc
2023-11-30 16:57:27.013  INFO 5440 --- [http-nio-8080-exec-10] c.s.interceptor.JwtTokenUserInterceptor  : 当前用户的id：4
2023-11-30 16:57:27.015 DEBUG 5440 --- [http-nio-8080-exec-10] com.sky.mapper.SetmealMapper.userList    : ==>  Preparing: select * from setmeal where category_id = ? and status = '1'
2023-11-30 16:57:27.015 DEBUG 5440 --- [http-nio-8080-exec-10] com.sky.mapper.SetmealMapper.userList    : ==> Parameters: 15(String)
2023-11-30 16:57:27.017 DEBUG 5440 --- [http-nio-8080-exec-10] com.sky.mapper.SetmealMapper.userList    : <==      Total: 1
2023-11-30 16:57:27.726  INFO 5440 --- [http-nio-8080-exec-1] c.s.interceptor.JwtTokenUserInterceptor  : jwt校验:eyJhbGciOiJIUzI1NiJ9.eyJleHAiOjE3MDEzNDE3OTcsInVzZXJJZCI6NH0.Z3FCPUMkQEQkORy1zXxkQe0VdKeLwMUvDM48Lcz77fc
2023-11-30 16:57:27.727  INFO 5440 --- [http-nio-8080-exec-1] c.s.interceptor.JwtTokenUserInterceptor  : 当前用户的id：4
2023-11-30 16:57:27.727 DEBUG 5440 --- [http-nio-8080-exec-1] com.sky.mapper.SetmealMapper.userList    : ==>  Preparing: select * from setmeal where category_id = ? and status = '1'
2023-11-30 16:57:27.728 DEBUG 5440 --- [http-nio-8080-exec-1] com.sky.mapper.SetmealMapper.userList    : ==> Parameters: 25(String)
2023-11-30 16:57:27.729 DEBUG 5440 --- [http-nio-8080-exec-1] com.sky.mapper.SetmealMapper.userList    : <==      Total: 1
2023-11-30 16:57:30.474  INFO 5440 --- [http-nio-8080-exec-3] c.s.interceptor.JwtTokenUserInterceptor  : jwt校验:eyJhbGciOiJIUzI1NiJ9.eyJleHAiOjE3MDEzNDE3OTcsInVzZXJJZCI6NH0.Z3FCPUMkQEQkORy1zXxkQe0VdKeLwMUvDM48Lcz77fc
2023-11-30 16:57:30.475  INFO 5440 --- [http-nio-8080-exec-3] c.s.interceptor.JwtTokenUserInterceptor  : 当前用户的id：4
2023-11-30 16:57:31.100  INFO 5440 --- [http-nio-8080-exec-5] c.s.interceptor.JwtTokenUserInterceptor  : jwt校验:eyJhbGciOiJIUzI1NiJ9.eyJleHAiOjE3MDEzNDE3OTcsInVzZXJJZCI6NH0.Z3FCPUMkQEQkORy1zXxkQe0VdKeLwMUvDM48Lcz77fc
2023-11-30 16:57:31.101  INFO 5440 --- [http-nio-8080-exec-5] c.s.interceptor.JwtTokenUserInterceptor  : 当前用户的id：4
2023-11-30 16:57:31.931  INFO 5440 --- [http-nio-8080-exec-4] c.s.interceptor.JwtTokenUserInterceptor  : jwt校验:eyJhbGciOiJIUzI1NiJ9.eyJleHAiOjE3MDEzNDE3OTcsInVzZXJJZCI6NH0.Z3FCPUMkQEQkORy1zXxkQe0VdKeLwMUvDM48Lcz77fc
2023-11-30 16:57:31.932  INFO 5440 --- [http-nio-8080-exec-4] c.s.interceptor.JwtTokenUserInterceptor  : 当前用户的id：4
2023-11-30 16:57:32.507  INFO 5440 --- [http-nio-8080-exec-6] c.s.interceptor.JwtTokenUserInterceptor  : jwt校验:eyJhbGciOiJIUzI1NiJ9.eyJleHAiOjE3MDEzNDE3OTcsInVzZXJJZCI6NH0.Z3FCPUMkQEQkORy1zXxkQe0VdKeLwMUvDM48Lcz77fc
2023-11-30 16:57:32.508  INFO 5440 --- [http-nio-8080-exec-6] c.s.interceptor.JwtTokenUserInterceptor  : 当前用户的id：4
2023-11-30 16:57:32.971  INFO 5440 --- [http-nio-8080-exec-8] c.s.interceptor.JwtTokenUserInterceptor  : jwt校验:eyJhbGciOiJIUzI1NiJ9.eyJleHAiOjE3MDEzNDE3OTcsInVzZXJJZCI6NH0.Z3FCPUMkQEQkORy1zXxkQe0VdKeLwMUvDM48Lcz77fc
2023-11-30 16:57:32.972  INFO 5440 --- [http-nio-8080-exec-8] c.s.interceptor.JwtTokenUserInterceptor  : 当前用户的id：4
2023-11-30 16:57:37.075  INFO 5440 --- [http-nio-8080-exec-7] c.s.interceptor.JwtTokenUserInterceptor  : jwt校验:eyJhbGciOiJIUzI1NiJ9.eyJleHAiOjE3MDEzNDE3OTcsInVzZXJJZCI6NH0.Z3FCPUMkQEQkORy1zXxkQe0VdKeLwMUvDM48Lcz77fc
2023-11-30 16:57:37.077  INFO 5440 --- [http-nio-8080-exec-7] c.s.interceptor.JwtTokenUserInterceptor  : 当前用户的id：4
2023-11-30 16:57:37.867  INFO 5440 --- [http-nio-8080-exec-9] c.s.interceptor.JwtTokenUserInterceptor  : jwt校验:eyJhbGciOiJIUzI1NiJ9.eyJleHAiOjE3MDEzNDE3OTcsInVzZXJJZCI6NH0.Z3FCPUMkQEQkORy1zXxkQe0VdKeLwMUvDM48Lcz77fc
2023-11-30 16:57:37.868  INFO 5440 --- [http-nio-8080-exec-9] c.s.interceptor.JwtTokenUserInterceptor  : 当前用户的id：4
2023-11-30 16:57:38.433  INFO 5440 --- [http-nio-8080-exec-10] c.s.interceptor.JwtTokenUserInterceptor  : jwt校验:eyJhbGciOiJIUzI1NiJ9.eyJleHAiOjE3MDEzNDE3OTcsInVzZXJJZCI6NH0.Z3FCPUMkQEQkORy1zXxkQe0VdKeLwMUvDM48Lcz77fc
2023-11-30 16:57:38.434  INFO 5440 --- [http-nio-8080-exec-10] c.s.interceptor.JwtTokenUserInterceptor  : 当前用户的id：4
2023-11-30 16:57:39.026  INFO 5440 --- [http-nio-8080-exec-1] c.s.interceptor.JwtTokenUserInterceptor  : jwt校验:eyJhbGciOiJIUzI1NiJ9.eyJleHAiOjE3MDEzNDE3OTcsInVzZXJJZCI6NH0.Z3FCPUMkQEQkORy1zXxkQe0VdKeLwMUvDM48Lcz77fc
2023-11-30 16:57:39.027  INFO 5440 --- [http-nio-8080-exec-1] c.s.interceptor.JwtTokenUserInterceptor  : 当前用户的id：4
2023-11-30 16:57:39.485  INFO 5440 --- [http-nio-8080-exec-3] c.s.interceptor.JwtTokenUserInterceptor  : jwt校验:eyJhbGciOiJIUzI1NiJ9.eyJleHAiOjE3MDEzNDE3OTcsInVzZXJJZCI6NH0.Z3FCPUMkQEQkORy1zXxkQe0VdKeLwMUvDM48Lcz77fc
2023-11-30 16:57:39.486  INFO 5440 --- [http-nio-8080-exec-3] c.s.interceptor.JwtTokenUserInterceptor  : 当前用户的id：4
2023-11-30 16:57:40.821  INFO 5440 --- [http-nio-8080-exec-5] c.s.interceptor.JwtTokenUserInterceptor  : jwt校验:eyJhbGciOiJIUzI1NiJ9.eyJleHAiOjE3MDEzNDE3OTcsInVzZXJJZCI6NH0.Z3FCPUMkQEQkORy1zXxkQe0VdKeLwMUvDM48Lcz77fc
2023-11-30 16:57:40.821  INFO 5440 --- [http-nio-8080-exec-5] c.s.interceptor.JwtTokenUserInterceptor  : 当前用户的id：4
2023-11-30 16:57:40.824 DEBUG 5440 --- [http-nio-8080-exec-5] com.sky.mapper.DishMapper.userList       : ==>  Preparing: select * from dish where category_id = ? and status = '1'
2023-11-30 16:57:40.824 DEBUG 5440 --- [http-nio-8080-exec-5] com.sky.mapper.DishMapper.userList       : ==> Parameters: 11(String)
2023-11-30 16:57:40.826 DEBUG 5440 --- [http-nio-8080-exec-5] com.sky.mapper.DishMapper.userList       : <==      Total: 3
2023-11-30 16:57:40.826 DEBUG 5440 --- [http-nio-8080-exec-5] c.s.m.D.selectFlavorWithId               : ==>  Preparing: select * from dish_flavor where dish_id = ?
2023-11-30 16:57:40.828 DEBUG 5440 --- [http-nio-8080-exec-5] c.s.m.D.selectFlavorWithId               : ==> Parameters: 46(Long)
2023-11-30 16:57:40.829 DEBUG 5440 --- [http-nio-8080-exec-5] c.s.m.D.selectFlavorWithId               : <==      Total: 0
2023-11-30 16:57:40.830 DEBUG 5440 --- [http-nio-8080-exec-5] c.s.m.CategoryMapper.selectNameById      : ==>  Preparing: select name from category where id = ?
2023-11-30 16:57:40.830 DEBUG 5440 --- [http-nio-8080-exec-5] c.s.m.CategoryMapper.selectNameById      : ==> Parameters: 11(Long)
2023-11-30 16:57:40.831 DEBUG 5440 --- [http-nio-8080-exec-5] c.s.m.CategoryMapper.selectNameById      : <==      Total: 1
2023-11-30 16:57:40.831 DEBUG 5440 --- [http-nio-8080-exec-5] c.s.m.D.selectFlavorWithId               : ==>  Preparing: select * from dish_flavor where dish_id = ?
2023-11-30 16:57:40.832 DEBUG 5440 --- [http-nio-8080-exec-5] c.s.m.D.selectFlavorWithId               : ==> Parameters: 47(Long)
2023-11-30 16:57:40.833 DEBUG 5440 --- [http-nio-8080-exec-5] c.s.m.D.selectFlavorWithId               : <==      Total: 0
2023-11-30 16:57:40.834 DEBUG 5440 --- [http-nio-8080-exec-5] c.s.m.CategoryMapper.selectNameById      : ==>  Preparing: select name from category where id = ?
2023-11-30 16:57:40.834 DEBUG 5440 --- [http-nio-8080-exec-5] c.s.m.CategoryMapper.selectNameById      : ==> Parameters: 11(Long)
2023-11-30 16:57:40.835 DEBUG 5440 --- [http-nio-8080-exec-5] c.s.m.CategoryMapper.selectNameById      : <==      Total: 1
2023-11-30 16:57:40.836 DEBUG 5440 --- [http-nio-8080-exec-5] c.s.m.D.selectFlavorWithId               : ==>  Preparing: select * from dish_flavor where dish_id = ?
2023-11-30 16:57:40.836 DEBUG 5440 --- [http-nio-8080-exec-5] c.s.m.D.selectFlavorWithId               : ==> Parameters: 48(Long)
2023-11-30 16:57:40.836 DEBUG 5440 --- [http-nio-8080-exec-5] c.s.m.D.selectFlavorWithId               : <==      Total: 0
2023-11-30 16:57:40.837 DEBUG 5440 --- [http-nio-8080-exec-5] c.s.m.CategoryMapper.selectNameById      : ==>  Preparing: select name from category where id = ?
2023-11-30 16:57:40.837 DEBUG 5440 --- [http-nio-8080-exec-5] c.s.m.CategoryMapper.selectNameById      : ==> Parameters: 11(Long)
2023-11-30 16:57:40.838 DEBUG 5440 --- [http-nio-8080-exec-5] c.s.m.CategoryMapper.selectNameById      : <==      Total: 1
2023-11-30 16:57:41.869  INFO 5440 --- [http-nio-8080-exec-4] c.s.interceptor.JwtTokenUserInterceptor  : jwt校验:eyJhbGciOiJIUzI1NiJ9.eyJleHAiOjE3MDEzNDE3OTcsInVzZXJJZCI6NH0.Z3FCPUMkQEQkORy1zXxkQe0VdKeLwMUvDM48Lcz77fc
2023-11-30 16:57:41.870  INFO 5440 --- [http-nio-8080-exec-4] c.s.interceptor.JwtTokenUserInterceptor  : 当前用户的id：4
2023-11-30 16:57:46.571  INFO 5440 --- [http-nio-8080-exec-6] c.s.interceptor.JwtTokenUserInterceptor  : jwt校验:eyJhbGciOiJIUzI1NiJ9.eyJleHAiOjE3MDEzNDE3OTcsInVzZXJJZCI6NH0.Z3FCPUMkQEQkORy1zXxkQe0VdKeLwMUvDM48Lcz77fc
2023-11-30 16:57:46.573  INFO 5440 --- [http-nio-8080-exec-6] c.s.interceptor.JwtTokenUserInterceptor  : 当前用户的id：4
2023-11-30 16:57:46.574 DEBUG 5440 --- [http-nio-8080-exec-6] com.sky.mapper.SetmealMapper.userList    : ==>  Preparing: select * from setmeal where category_id = ? and status = '1'
2023-11-30 16:57:46.574 DEBUG 5440 --- [http-nio-8080-exec-6] com.sky.mapper.SetmealMapper.userList    : ==> Parameters: 13(String)
2023-11-30 16:57:46.576 DEBUG 5440 --- [http-nio-8080-exec-6] com.sky.mapper.SetmealMapper.userList    : <==      Total: 0
2023-11-30 16:57:47.277  INFO 5440 --- [http-nio-8080-exec-8] c.s.interceptor.JwtTokenUserInterceptor  : jwt校验:eyJhbGciOiJIUzI1NiJ9.eyJleHAiOjE3MDEzNDE3OTcsInVzZXJJZCI6NH0.Z3FCPUMkQEQkORy1zXxkQe0VdKeLwMUvDM48Lcz77fc
2023-11-30 16:57:47.278  INFO 5440 --- [http-nio-8080-exec-8] c.s.interceptor.JwtTokenUserInterceptor  : 当前用户的id：4
2023-11-30 16:57:47.279 DEBUG 5440 --- [http-nio-8080-exec-8] com.sky.mapper.SetmealMapper.userList    : ==>  Preparing: select * from setmeal where category_id = ? and status = '1'
2023-11-30 16:57:47.280 DEBUG 5440 --- [http-nio-8080-exec-8] com.sky.mapper.SetmealMapper.userList    : ==> Parameters: 15(String)
2023-11-30 16:57:47.281 DEBUG 5440 --- [http-nio-8080-exec-8] com.sky.mapper.SetmealMapper.userList    : <==      Total: 1
2023-11-30 16:57:48.377  INFO 5440 --- [http-nio-8080-exec-7] c.s.interceptor.JwtTokenUserInterceptor  : jwt校验:eyJhbGciOiJIUzI1NiJ9.eyJleHAiOjE3MDEzNDE3OTcsInVzZXJJZCI6NH0.Z3FCPUMkQEQkORy1zXxkQe0VdKeLwMUvDM48Lcz77fc
2023-11-30 16:57:48.378  INFO 5440 --- [http-nio-8080-exec-7] c.s.interceptor.JwtTokenUserInterceptor  : 当前用户的id：4
2023-11-30 16:57:48.379 DEBUG 5440 --- [http-nio-8080-exec-7] com.sky.mapper.SetmealMapper.userList    : ==>  Preparing: select * from setmeal where category_id = ? and status = '1'
2023-11-30 16:57:48.379 DEBUG 5440 --- [http-nio-8080-exec-7] com.sky.mapper.SetmealMapper.userList    : ==> Parameters: 25(String)
2023-11-30 16:57:48.381 DEBUG 5440 --- [http-nio-8080-exec-7] com.sky.mapper.SetmealMapper.userList    : <==      Total: 1
2023-11-30 16:57:49.839  INFO 5440 --- [http-nio-8080-exec-10] c.s.interceptor.JwtTokenUserInterceptor  : jwt校验:eyJhbGciOiJIUzI1NiJ9.eyJleHAiOjE3MDEzNDE3OTcsInVzZXJJZCI6NH0.Z3FCPUMkQEQkORy1zXxkQe0VdKeLwMUvDM48Lcz77fc
2023-11-30 16:57:49.839  INFO 5440 --- [http-nio-8080-exec-10] c.s.interceptor.JwtTokenUserInterceptor  : 当前用户的id：4
2023-11-30 16:57:49.840 DEBUG 5440 --- [http-nio-8080-exec-10] com.sky.mapper.SetmealMapper.userList    : ==>  Preparing: select * from setmeal where category_id = ? and status = '1'
2023-11-30 16:57:49.840 DEBUG 5440 --- [http-nio-8080-exec-10] com.sky.mapper.SetmealMapper.userList    : ==> Parameters: 13(String)
2023-11-30 16:57:49.842 DEBUG 5440 --- [http-nio-8080-exec-10] com.sky.mapper.SetmealMapper.userList    : <==      Total: 0
2023-11-30 16:57:50.851  INFO 5440 --- [http-nio-8080-exec-1] c.s.interceptor.JwtTokenUserInterceptor  : jwt校验:eyJhbGciOiJIUzI1NiJ9.eyJleHAiOjE3MDEzNDE3OTcsInVzZXJJZCI6NH0.Z3FCPUMkQEQkORy1zXxkQe0VdKeLwMUvDM48Lcz77fc
2023-11-30 16:57:50.851  INFO 5440 --- [http-nio-8080-exec-1] c.s.interceptor.JwtTokenUserInterceptor  : 当前用户的id：4
2023-11-30 16:57:51.398  INFO 5440 --- [http-nio-8080-exec-2] c.s.interceptor.JwtTokenUserInterceptor  : jwt校验:eyJhbGciOiJIUzI1NiJ9.eyJleHAiOjE3MDEzNDE3OTcsInVzZXJJZCI6NH0.Z3FCPUMkQEQkORy1zXxkQe0VdKeLwMUvDM48Lcz77fc
2023-11-30 16:57:51.399  INFO 5440 --- [http-nio-8080-exec-2] c.s.interceptor.JwtTokenUserInterceptor  : 当前用户的id：4
2023-11-30 16:57:52.664  INFO 5440 --- [http-nio-8080-exec-3] c.s.interceptor.JwtTokenUserInterceptor  : jwt校验:eyJhbGciOiJIUzI1NiJ9.eyJleHAiOjE3MDEzNDE3OTcsInVzZXJJZCI6NH0.Z3FCPUMkQEQkORy1zXxkQe0VdKeLwMUvDM48Lcz77fc
2023-11-30 16:57:52.665  INFO 5440 --- [http-nio-8080-exec-3] c.s.interceptor.JwtTokenUserInterceptor  : 当前用户的id：4
2023-11-30 17:06:21.679  INFO 5440 --- [http-nio-8080-exec-4] com.sky.controller.user.ShopController   : 获取当前店铺的营业状态为：营业中
2023-11-30 17:06:25.086  INFO 5440 --- [http-nio-8080-exec-6] com.sky.controller.user.UserController   : 微信用户登录，0b3YSm100gaP9R1ji1400z029A2YSm1i
2023-11-30 17:06:25.473 ERROR 5440 --- [http-nio-8080-exec-6] c.a.druid.pool.DruidAbstractDataSource   : discard long time none received connection. , jdbcUrl : jdbc:mysql://localhost:3306/sky_take_out?serverTimezone=Asia/Shanghai&useUnicode=true&characterEncoding=utf-8&zeroDateTimeBehavior=convertToNull&useSSL=false&allowPublicKeyRetrieval=true, jdbcUrl : jdbc:mysql://localhost:3306/sky_take_out?serverTimezone=Asia/Shanghai&useUnicode=true&characterEncoding=utf-8&zeroDateTimeBehavior=convertToNull&useSSL=false&allowPublicKeyRetrieval=true, lastPacketReceivedIdleMillis : 515626
2023-11-30 17:06:25.482 DEBUG 5440 --- [http-nio-8080-exec-6] com.sky.mapper.UserMapper.getByOpenId    : ==>  Preparing: select * from user where openid = ?
2023-11-30 17:06:25.483 DEBUG 5440 --- [http-nio-8080-exec-6] com.sky.mapper.UserMapper.getByOpenId    : ==> Parameters: oBysn5aScedWAu3uWXqOHeTJVe5g(String)
2023-11-30 17:06:25.486 DEBUG 5440 --- [http-nio-8080-exec-6] com.sky.mapper.UserMapper.getByOpenId    : <==      Total: 1
2023-11-30 17:06:25.522  INFO 5440 --- [http-nio-8080-exec-8] c.s.interceptor.JwtTokenUserInterceptor  : jwt校验:eyJhbGciOiJIUzI1NiJ9.eyJleHAiOjE3MDEzNDIzODUsInVzZXJJZCI6NH0.O7frWFIuG0z3Mn0bbrWoReuKne5PgKC11_vVVdjlALc
2023-11-30 17:06:25.524  INFO 5440 --- [http-nio-8080-exec-8] c.s.interceptor.JwtTokenUserInterceptor  : 当前用户的id：4
2023-11-30 17:06:25.525 DEBUG 5440 --- [http-nio-8080-exec-8] c.s.mapper.CategoryMapper.selectByType   : ==>  Preparing: select * from category where status = 1 order by sort asc,create_time desc
2023-11-30 17:06:25.526 DEBUG 5440 --- [http-nio-8080-exec-8] c.s.mapper.CategoryMapper.selectByType   : ==> Parameters: 
2023-11-30 17:06:25.529 DEBUG 5440 --- [http-nio-8080-exec-8] c.s.mapper.CategoryMapper.selectByType   : <==      Total: 11
2023-11-30 17:06:25.531  WARN 5440 --- [http-nio-8080-exec-7] o.s.web.servlet.PageNotFound             : No mapping for GET /user/shoppingCart/list
2023-11-30 17:06:25.548  INFO 5440 --- [http-nio-8080-exec-9] c.s.interceptor.JwtTokenUserInterceptor  : jwt校验:eyJhbGciOiJIUzI1NiJ9.eyJleHAiOjE3MDEzNDIzODUsInVzZXJJZCI6NH0.O7frWFIuG0z3Mn0bbrWoReuKne5PgKC11_vVVdjlALc
2023-11-30 17:06:25.549  INFO 5440 --- [http-nio-8080-exec-9] c.s.interceptor.JwtTokenUserInterceptor  : 当前用户的id：4
2023-11-30 17:06:27.878  INFO 5440 --- [http-nio-8080-exec-10] c.s.interceptor.JwtTokenUserInterceptor  : jwt校验:eyJhbGciOiJIUzI1NiJ9.eyJleHAiOjE3MDEzNDIzODUsInVzZXJJZCI6NH0.O7frWFIuG0z3Mn0bbrWoReuKne5PgKC11_vVVdjlALc
2023-11-30 17:06:27.879  INFO 5440 --- [http-nio-8080-exec-10] c.s.interceptor.JwtTokenUserInterceptor  : 当前用户的id：4
2023-11-30 17:06:28.667  INFO 5440 --- [http-nio-8080-exec-1] c.s.interceptor.JwtTokenUserInterceptor  : jwt校验:eyJhbGciOiJIUzI1NiJ9.eyJleHAiOjE3MDEzNDIzODUsInVzZXJJZCI6NH0.O7frWFIuG0z3Mn0bbrWoReuKne5PgKC11_vVVdjlALc
2023-11-30 17:06:28.667  INFO 5440 --- [http-nio-8080-exec-1] c.s.interceptor.JwtTokenUserInterceptor  : 当前用户的id：4
2023-11-30 17:13:59.068  INFO 5440 --- [SpringApplicationShutdownHook] com.alibaba.druid.pool.DruidDataSource   : {dataSource-1} closing ...
2023-11-30 17:13:59.072  INFO 5440 --- [SpringApplicationShutdownHook] com.alibaba.druid.pool.DruidDataSource   : {dataSource-1} closed
